[0.136s] DEBUG:colcon:Command line arguments: ['/usr/bin/colcon', 'build', '--packages-select', 'numb_cpp']
[0.136s] DEBUG:colcon:Parsed command line arguments: Namespace(ament_cmake_args=None, base_paths=['.'], build_base='build', catkin_cmake_args=None, catkin_skip_building_tests=False, cmake_args=None, cmake_clean_cache=False, cmake_clean_first=False, cmake_force_configure=False, cmake_target=None, cmake_target_skip_unavailable=False, continue_on_error=False, event_handlers=None, executor='parallel', ignore_user_meta=False, install_base='install', log_base=None, log_level=None, main=<bound method BuildVerb.main of <colcon_core.verb.build.BuildVerb object at 0x7ff0847d0f40>>, merge_install=False, metas=['./colcon.meta'], mixin=None, mixin_files=None, mixin_verb=('build',), packages_above=None, packages_above_and_dependencies=None, packages_above_depth=None, packages_end=None, packages_ignore=None, packages_ignore_regex=None, packages_select=['numb_cpp'], packages_select_build_failed=False, packages_select_by_dep=None, packages_select_regex=None, packages_select_test_failures=False, packages_skip=None, packages_skip_build_finished=False, packages_skip_by_dep=None, packages_skip_regex=None, packages_skip_test_passed=False, packages_skip_up_to=None, packages_start=None, packages_up_to=None, packages_up_to_regex=None, parallel_workers=4, paths=None, symlink_install=False, test_result_base=None, verb_extension=<colcon_core.verb.build.BuildVerb object at 0x7ff0847d0f40>, verb_name='build', verb_parser=<colcon_mixin.mixin.mixin_argument.MixinArgumentDecorator object at 0x7ff0847db580>)
[0.159s] Level 1:colcon.colcon_core.package_discovery:discover_packages(colcon_meta) check parameters
[0.159s] Level 1:colcon.colcon_core.package_discovery:discover_packages(recursive) check parameters
[0.159s] Level 1:colcon.colcon_core.package_discovery:discover_packages(ignore) check parameters
[0.159s] Level 1:colcon.colcon_core.package_discovery:discover_packages(path) check parameters
[0.159s] Level 1:colcon.colcon_core.package_discovery:discover_packages(colcon_meta) discover
[0.159s] Level 1:colcon.colcon_core.package_discovery:discover_packages(recursive) discover
[0.160s] INFO:colcon.colcon_core.package_discovery:Crawling recursively for packages in '/home/sharath/progs/ros2/ros2_ws'
[0.160s] Level 1:colcon.colcon_core.package_identification:_identify(.) by extensions ['ignore', 'ignore_ament_install']
[0.160s] Level 1:colcon.colcon_core.package_identification:_identify(.) by extension 'ignore'
[0.160s] Level 1:colcon.colcon_core.package_identification:_identify(.) by extension 'ignore_ament_install'
[0.160s] Level 1:colcon.colcon_core.package_identification:_identify(.) by extensions ['colcon_pkg']
[0.160s] Level 1:colcon.colcon_core.package_identification:_identify(.) by extension 'colcon_pkg'
[0.160s] Level 1:colcon.colcon_core.package_identification:_identify(.) by extensions ['colcon_meta']
[0.160s] Level 1:colcon.colcon_core.package_identification:_identify(.) by extension 'colcon_meta'
[0.160s] Level 1:colcon.colcon_core.package_identification:_identify(.) by extensions ['ros']
[0.160s] Level 1:colcon.colcon_core.package_identification:_identify(.) by extension 'ros'
[0.171s] Level 1:colcon.colcon_core.package_identification:_identify(.) by extensions ['cmake', 'python']
[0.171s] Level 1:colcon.colcon_core.package_identification:_identify(.) by extension 'cmake'
[0.171s] Level 1:colcon.colcon_core.package_identification:_identify(.) by extension 'python'
[0.171s] Level 1:colcon.colcon_core.package_identification:_identify(.) by extensions ['python_setup_py']
[0.172s] Level 1:colcon.colcon_core.package_identification:_identify(.) by extension 'python_setup_py'
[0.172s] Level 1:colcon.colcon_core.package_identification:_identify(build) by extensions ['ignore', 'ignore_ament_install']
[0.172s] Level 1:colcon.colcon_core.package_identification:_identify(build) by extension 'ignore'
[0.172s] Level 1:colcon.colcon_core.package_identification:_identify(build) ignored
[0.172s] Level 1:colcon.colcon_core.package_identification:_identify(docker) by extensions ['ignore', 'ignore_ament_install']
[0.172s] Level 1:colcon.colcon_core.package_identification:_identify(docker) by extension 'ignore'
[0.172s] Level 1:colcon.colcon_core.package_identification:_identify(docker) by extension 'ignore_ament_install'
[0.172s] Level 1:colcon.colcon_core.package_identification:_identify(docker) by extensions ['colcon_pkg']
[0.172s] Level 1:colcon.colcon_core.package_identification:_identify(docker) by extension 'colcon_pkg'
[0.172s] Level 1:colcon.colcon_core.package_identification:_identify(docker) by extensions ['colcon_meta']
[0.172s] Level 1:colcon.colcon_core.package_identification:_identify(docker) by extension 'colcon_meta'
[0.172s] Level 1:colcon.colcon_core.package_identification:_identify(docker) by extensions ['ros']
[0.172s] Level 1:colcon.colcon_core.package_identification:_identify(docker) by extension 'ros'
[0.173s] Level 1:colcon.colcon_core.package_identification:_identify(docker) by extensions ['cmake', 'python']
[0.173s] Level 1:colcon.colcon_core.package_identification:_identify(docker) by extension 'cmake'
[0.173s] Level 1:colcon.colcon_core.package_identification:_identify(docker) by extension 'python'
[0.173s] Level 1:colcon.colcon_core.package_identification:_identify(docker) by extensions ['python_setup_py']
[0.173s] Level 1:colcon.colcon_core.package_identification:_identify(docker) by extension 'python_setup_py'
[0.173s] Level 1:colcon.colcon_core.package_identification:_identify(install) by extensions ['ignore', 'ignore_ament_install']
[0.173s] Level 1:colcon.colcon_core.package_identification:_identify(install) by extension 'ignore'
[0.173s] Level 1:colcon.colcon_core.package_identification:_identify(install) ignored
[0.173s] Level 1:colcon.colcon_core.package_identification:_identify(log) by extensions ['ignore', 'ignore_ament_install']
[0.173s] Level 1:colcon.colcon_core.package_identification:_identify(log) by extension 'ignore'
[0.173s] Level 1:colcon.colcon_core.package_identification:_identify(log) ignored
[0.173s] Level 1:colcon.colcon_core.package_identification:_identify(src) by extensions ['ignore', 'ignore_ament_install']
[0.174s] Level 1:colcon.colcon_core.package_identification:_identify(src) by extension 'ignore'
[0.174s] Level 1:colcon.colcon_core.package_identification:_identify(src) by extension 'ignore_ament_install'
[0.174s] Level 1:colcon.colcon_core.package_identification:_identify(src) by extensions ['colcon_pkg']
[0.174s] Level 1:colcon.colcon_core.package_identification:_identify(src) by extension 'colcon_pkg'
[0.174s] Level 1:colcon.colcon_core.package_identification:_identify(src) by extensions ['colcon_meta']
[0.174s] Level 1:colcon.colcon_core.package_identification:_identify(src) by extension 'colcon_meta'
[0.174s] Level 1:colcon.colcon_core.package_identification:_identify(src) by extensions ['ros']
[0.174s] Level 1:colcon.colcon_core.package_identification:_identify(src) by extension 'ros'
[0.174s] Level 1:colcon.colcon_core.package_identification:_identify(src) by extensions ['cmake', 'python']
[0.174s] Level 1:colcon.colcon_core.package_identification:_identify(src) by extension 'cmake'
[0.174s] Level 1:colcon.colcon_core.package_identification:_identify(src) by extension 'python'
[0.174s] Level 1:colcon.colcon_core.package_identification:_identify(src) by extensions ['python_setup_py']
[0.174s] Level 1:colcon.colcon_core.package_identification:_identify(src) by extension 'python_setup_py'
[0.174s] Level 1:colcon.colcon_core.package_identification:_identify(src/my_cpp_pkg) by extensions ['ignore', 'ignore_ament_install']
[0.175s] Level 1:colcon.colcon_core.package_identification:_identify(src/my_cpp_pkg) by extension 'ignore'
[0.175s] Level 1:colcon.colcon_core.package_identification:_identify(src/my_cpp_pkg) by extension 'ignore_ament_install'
[0.175s] Level 1:colcon.colcon_core.package_identification:_identify(src/my_cpp_pkg) by extensions ['colcon_pkg']
[0.175s] Level 1:colcon.colcon_core.package_identification:_identify(src/my_cpp_pkg) by extension 'colcon_pkg'
[0.175s] Level 1:colcon.colcon_core.package_identification:_identify(src/my_cpp_pkg) by extensions ['colcon_meta']
[0.175s] Level 1:colcon.colcon_core.package_identification:_identify(src/my_cpp_pkg) by extension 'colcon_meta'
[0.175s] Level 1:colcon.colcon_core.package_identification:_identify(src/my_cpp_pkg) by extensions ['ros']
[0.175s] Level 1:colcon.colcon_core.package_identification:_identify(src/my_cpp_pkg) by extension 'ros'
[0.177s] DEBUG:colcon.colcon_core.package_identification:Package 'src/my_cpp_pkg' with type 'ros.ament_cmake' and name 'my_cpp_pkg'
[0.177s] Level 1:colcon.colcon_core.package_identification:_identify(src/my_py_pkg) by extensions ['ignore', 'ignore_ament_install']
[0.178s] Level 1:colcon.colcon_core.package_identification:_identify(src/my_py_pkg) by extension 'ignore'
[0.178s] Level 1:colcon.colcon_core.package_identification:_identify(src/my_py_pkg) by extension 'ignore_ament_install'
[0.178s] Level 1:colcon.colcon_core.package_identification:_identify(src/my_py_pkg) by extensions ['colcon_pkg']
[0.178s] Level 1:colcon.colcon_core.package_identification:_identify(src/my_py_pkg) by extension 'colcon_pkg'
[0.178s] Level 1:colcon.colcon_core.package_identification:_identify(src/my_py_pkg) by extensions ['colcon_meta']
[0.178s] Level 1:colcon.colcon_core.package_identification:_identify(src/my_py_pkg) by extension 'colcon_meta'
[0.178s] Level 1:colcon.colcon_core.package_identification:_identify(src/my_py_pkg) by extensions ['ros']
[0.178s] Level 1:colcon.colcon_core.package_identification:_identify(src/my_py_pkg) by extension 'ros'
[0.179s] DEBUG:colcon.colcon_core.package_identification:Package 'src/my_py_pkg' with type 'ros.ament_python' and name 'my_py_pkg'
[0.179s] Level 1:colcon.colcon_core.package_identification:_identify(src/numb_cpp) by extensions ['ignore', 'ignore_ament_install']
[0.179s] Level 1:colcon.colcon_core.package_identification:_identify(src/numb_cpp) by extension 'ignore'
[0.179s] Level 1:colcon.colcon_core.package_identification:_identify(src/numb_cpp) by extension 'ignore_ament_install'
[0.179s] Level 1:colcon.colcon_core.package_identification:_identify(src/numb_cpp) by extensions ['colcon_pkg']
[0.179s] Level 1:colcon.colcon_core.package_identification:_identify(src/numb_cpp) by extension 'colcon_pkg'
[0.179s] Level 1:colcon.colcon_core.package_identification:_identify(src/numb_cpp) by extensions ['colcon_meta']
[0.179s] Level 1:colcon.colcon_core.package_identification:_identify(src/numb_cpp) by extension 'colcon_meta'
[0.179s] Level 1:colcon.colcon_core.package_identification:_identify(src/numb_cpp) by extensions ['ros']
[0.179s] Level 1:colcon.colcon_core.package_identification:_identify(src/numb_cpp) by extension 'ros'
[0.180s] DEBUG:colcon.colcon_core.package_identification:Package 'src/numb_cpp' with type 'ros.ament_cmake' and name 'numb_cpp'
[0.180s] Level 1:colcon.colcon_core.package_identification:_identify(src/numb_py) by extensions ['ignore', 'ignore_ament_install']
[0.180s] Level 1:colcon.colcon_core.package_identification:_identify(src/numb_py) by extension 'ignore'
[0.180s] Level 1:colcon.colcon_core.package_identification:_identify(src/numb_py) by extension 'ignore_ament_install'
[0.180s] Level 1:colcon.colcon_core.package_identification:_identify(src/numb_py) by extensions ['colcon_pkg']
[0.180s] Level 1:colcon.colcon_core.package_identification:_identify(src/numb_py) by extension 'colcon_pkg'
[0.180s] Level 1:colcon.colcon_core.package_identification:_identify(src/numb_py) by extensions ['colcon_meta']
[0.180s] Level 1:colcon.colcon_core.package_identification:_identify(src/numb_py) by extension 'colcon_meta'
[0.180s] Level 1:colcon.colcon_core.package_identification:_identify(src/numb_py) by extensions ['ros']
[0.181s] Level 1:colcon.colcon_core.package_identification:_identify(src/numb_py) by extension 'ros'
[0.181s] DEBUG:colcon.colcon_core.package_identification:Package 'src/numb_py' with type 'ros.ament_python' and name 'numb_py'
[0.181s] Level 1:colcon.colcon_core.package_discovery:discover_packages(recursive) using defaults
[0.181s] Level 1:colcon.colcon_core.package_discovery:discover_packages(ignore) discover
[0.181s] Level 1:colcon.colcon_core.package_discovery:discover_packages(ignore) using defaults
[0.181s] Level 1:colcon.colcon_core.package_discovery:discover_packages(path) discover
[0.181s] Level 1:colcon.colcon_core.package_discovery:discover_packages(path) using defaults
[0.199s] INFO:colcon.colcon_core.package_selection:Skipping not selected package 'my_cpp_pkg' in 'src/my_cpp_pkg'
[0.199s] INFO:colcon.colcon_core.package_selection:Skipping not selected package 'my_py_pkg' in 'src/my_py_pkg'
[0.199s] INFO:colcon.colcon_core.package_selection:Skipping not selected package 'numb_py' in 'src/numb_py'
[0.200s] Level 5:colcon.colcon_core.verb:set package 'numb_cpp' build argument 'cmake_args' from command line to 'None'
[0.200s] Level 5:colcon.colcon_core.verb:set package 'numb_cpp' build argument 'cmake_target' from command line to 'None'
[0.200s] Level 5:colcon.colcon_core.verb:set package 'numb_cpp' build argument 'cmake_target_skip_unavailable' from command line to 'False'
[0.200s] Level 5:colcon.colcon_core.verb:set package 'numb_cpp' build argument 'cmake_clean_cache' from command line to 'False'
[0.200s] Level 5:colcon.colcon_core.verb:set package 'numb_cpp' build argument 'cmake_clean_first' from command line to 'False'
[0.200s] Level 5:colcon.colcon_core.verb:set package 'numb_cpp' build argument 'cmake_force_configure' from command line to 'False'
[0.200s] Level 5:colcon.colcon_core.verb:set package 'numb_cpp' build argument 'ament_cmake_args' from command line to 'None'
[0.200s] Level 5:colcon.colcon_core.verb:set package 'numb_cpp' build argument 'catkin_cmake_args' from command line to 'None'
[0.200s] Level 5:colcon.colcon_core.verb:set package 'numb_cpp' build argument 'catkin_skip_building_tests' from command line to 'False'
[0.200s] DEBUG:colcon.colcon_core.verb:Building package 'numb_cpp' with the following arguments: {'ament_cmake_args': None, 'build_base': '/home/sharath/progs/ros2/ros2_ws/build/numb_cpp', 'catkin_cmake_args': None, 'catkin_skip_building_tests': False, 'cmake_args': None, 'cmake_clean_cache': False, 'cmake_clean_first': False, 'cmake_force_configure': False, 'cmake_target': None, 'cmake_target_skip_unavailable': False, 'install_base': '/home/sharath/progs/ros2/ros2_ws/install/numb_cpp', 'merge_install': False, 'path': '/home/sharath/progs/ros2/ros2_ws/src/numb_cpp', 'symlink_install': False, 'test_result_base': None}
[0.201s] INFO:colcon.colcon_core.executor:Executing jobs using 'parallel' executor
[0.202s] DEBUG:colcon.colcon_parallel_executor.executor.parallel:run_until_complete
[0.203s] INFO:colcon.colcon_ros.task.ament_cmake.build:Building ROS package in '/home/sharath/progs/ros2/ros2_ws/src/numb_cpp' with build type 'ament_cmake'
[0.203s] INFO:colcon.colcon_cmake.task.cmake.build:Building CMake package in '/home/sharath/progs/ros2/ros2_ws/src/numb_cpp'
[0.207s] INFO:colcon.colcon_core.plugin_system:Skipping extension 'colcon_core.shell.bat': Not used on non-Windows systems
[0.207s] INFO:colcon.colcon_core.shell:Skip shell extension 'powershell' for command environment: Not usable outside of PowerShell
[0.207s] DEBUG:colcon.colcon_core.shell:Skip shell extension 'dsv' for command environment
[0.227s] DEBUG:colcon.colcon_core.event_handler.log_command:Invoking command in '/home/sharath/progs/ros2/ros2_ws/build/numb_cpp': CMAKE_PREFIX_PATH=${CMAKE_PREFIX_PATH}:/home/sharath/progs/ros2/ros2_ws/install/my_py_pkg:/opt/ros/foxy /usr/bin/cmake /home/sharath/progs/ros2/ros2_ws/src/numb_cpp -DCMAKE_INSTALL_PREFIX=/home/sharath/progs/ros2/ros2_ws/install/numb_cpp
[1.200s] DEBUG:colcon.colcon_core.event_handler.log_command:Invoked command in '/home/sharath/progs/ros2/ros2_ws/build/numb_cpp' returned '0': CMAKE_PREFIX_PATH=${CMAKE_PREFIX_PATH}:/home/sharath/progs/ros2/ros2_ws/install/my_py_pkg:/opt/ros/foxy /usr/bin/cmake /home/sharath/progs/ros2/ros2_ws/src/numb_cpp -DCMAKE_INSTALL_PREFIX=/home/sharath/progs/ros2/ros2_ws/install/numb_cpp
[1.204s] DEBUG:colcon.colcon_core.event_handler.log_command:Invoking command in '/home/sharath/progs/ros2/ros2_ws/build/numb_cpp': CMAKE_PREFIX_PATH=${CMAKE_PREFIX_PATH}:/home/sharath/progs/ros2/ros2_ws/install/my_py_pkg:/opt/ros/foxy /usr/bin/cmake --build /home/sharath/progs/ros2/ros2_ws/build/numb_cpp -- -j4 -l4
[6.910s] DEBUG:colcon.colcon_core.event_handler.log_command:Invoked command in '/home/sharath/progs/ros2/ros2_ws/build/numb_cpp' returned '0': CMAKE_PREFIX_PATH=${CMAKE_PREFIX_PATH}:/home/sharath/progs/ros2/ros2_ws/install/my_py_pkg:/opt/ros/foxy /usr/bin/cmake --build /home/sharath/progs/ros2/ros2_ws/build/numb_cpp -- -j4 -l4
[6.944s] DEBUG:colcon.colcon_core.event_handler.log_command:Invoking command in '/home/sharath/progs/ros2/ros2_ws/build/numb_cpp': CMAKE_PREFIX_PATH=${CMAKE_PREFIX_PATH}:/home/sharath/progs/ros2/ros2_ws/install/my_py_pkg:/opt/ros/foxy /usr/bin/cmake --install /home/sharath/progs/ros2/ros2_ws/build/numb_cpp
[6.968s] Level 1:colcon.colcon_core.environment:create_environment_scripts_only(numb_cpp)
[6.973s] Level 1:colcon.colcon_core.environment:checking '/home/sharath/progs/ros2/ros2_ws/install/numb_cpp' for CMake module files
[6.974s] Level 1:colcon.colcon_core.environment:checking '/home/sharath/progs/ros2/ros2_ws/install/numb_cpp' for CMake config files
[6.974s] Level 1:colcon.colcon_core.shell:create_environment_hook('numb_cpp', 'cmake_prefix_path')
[6.975s] INFO:colcon.colcon_core.shell:Creating environment hook '/home/sharath/progs/ros2/ros2_ws/install/numb_cpp/share/numb_cpp/hook/cmake_prefix_path.ps1'
[6.976s] DEBUG:colcon.colcon_core.event_handler.log_command:Invoked command in '/home/sharath/progs/ros2/ros2_ws/build/numb_cpp' returned '0': CMAKE_PREFIX_PATH=${CMAKE_PREFIX_PATH}:/home/sharath/progs/ros2/ros2_ws/install/my_py_pkg:/opt/ros/foxy /usr/bin/cmake --install /home/sharath/progs/ros2/ros2_ws/build/numb_cpp
[6.991s] INFO:colcon.colcon_core.shell:Creating environment descriptor '/home/sharath/progs/ros2/ros2_ws/install/numb_cpp/share/numb_cpp/hook/cmake_prefix_path.dsv'
[6.992s] INFO:colcon.colcon_core.shell:Creating environment hook '/home/sharath/progs/ros2/ros2_ws/install/numb_cpp/share/numb_cpp/hook/cmake_prefix_path.sh'
[6.993s] Level 1:colcon.colcon_core.environment:checking '/home/sharath/progs/ros2/ros2_ws/install/numb_cpp/lib'
[6.993s] Level 1:colcon.colcon_core.environment:checking '/home/sharath/progs/ros2/ros2_ws/install/numb_cpp/bin'
[6.993s] Level 1:colcon.colcon_core.environment:checking '/home/sharath/progs/ros2/ros2_ws/install/numb_cpp/lib/pkgconfig/numb_cpp.pc'
[6.994s] Level 1:colcon.colcon_core.environment:checking '/home/sharath/progs/ros2/ros2_ws/install/numb_cpp/lib/python3.8/site-packages'
[6.995s] Level 1:colcon.colcon_core.environment:checking '/home/sharath/progs/ros2/ros2_ws/install/numb_cpp/bin'
[6.995s] INFO:colcon.colcon_core.shell:Creating package script '/home/sharath/progs/ros2/ros2_ws/install/numb_cpp/share/numb_cpp/package.ps1'
[6.996s] INFO:colcon.colcon_core.shell:Creating package descriptor '/home/sharath/progs/ros2/ros2_ws/install/numb_cpp/share/numb_cpp/package.dsv'
[6.997s] INFO:colcon.colcon_core.shell:Creating package script '/home/sharath/progs/ros2/ros2_ws/install/numb_cpp/share/numb_cpp/package.sh'
[6.998s] INFO:colcon.colcon_core.shell:Creating package script '/home/sharath/progs/ros2/ros2_ws/install/numb_cpp/share/numb_cpp/package.bash'
[7.001s] INFO:colcon.colcon_core.shell:Creating package script '/home/sharath/progs/ros2/ros2_ws/install/numb_cpp/share/numb_cpp/package.zsh'
[7.001s] Level 1:colcon.colcon_core.environment:create_file_with_runtime_dependencies(/home/sharath/progs/ros2/ros2_ws/install/numb_cpp/share/colcon-core/packages/numb_cpp)
[7.038s] Level 1:colcon.colcon_core.environment:create_environment_scripts_only(numb_cpp)
[7.039s] Level 1:colcon.colcon_core.environment:checking '/home/sharath/progs/ros2/ros2_ws/install/numb_cpp' for CMake module files
[7.040s] Level 1:colcon.colcon_core.environment:checking '/home/sharath/progs/ros2/ros2_ws/install/numb_cpp' for CMake config files
[7.040s] Level 1:colcon.colcon_core.shell:create_environment_hook('numb_cpp', 'cmake_prefix_path')
[7.041s] INFO:colcon.colcon_core.shell:Creating environment hook '/home/sharath/progs/ros2/ros2_ws/install/numb_cpp/share/numb_cpp/hook/cmake_prefix_path.ps1'
[7.041s] INFO:colcon.colcon_core.shell:Creating environment descriptor '/home/sharath/progs/ros2/ros2_ws/install/numb_cpp/share/numb_cpp/hook/cmake_prefix_path.dsv'
[7.042s] INFO:colcon.colcon_core.shell:Creating environment hook '/home/sharath/progs/ros2/ros2_ws/install/numb_cpp/share/numb_cpp/hook/cmake_prefix_path.sh'
[7.043s] Level 1:colcon.colcon_core.environment:checking '/home/sharath/progs/ros2/ros2_ws/install/numb_cpp/lib'
[7.043s] Level 1:colcon.colcon_core.environment:checking '/home/sharath/progs/ros2/ros2_ws/install/numb_cpp/bin'
[7.043s] Level 1:colcon.colcon_core.environment:checking '/home/sharath/progs/ros2/ros2_ws/install/numb_cpp/lib/pkgconfig/numb_cpp.pc'
[7.043s] Level 1:colcon.colcon_core.environment:checking '/home/sharath/progs/ros2/ros2_ws/install/numb_cpp/lib/python3.8/site-packages'
[7.043s] Level 1:colcon.colcon_core.environment:checking '/home/sharath/progs/ros2/ros2_ws/install/numb_cpp/bin'
[7.044s] INFO:colcon.colcon_core.shell:Creating package script '/home/sharath/progs/ros2/ros2_ws/install/numb_cpp/share/numb_cpp/package.ps1'
[7.044s] INFO:colcon.colcon_core.shell:Creating package descriptor '/home/sharath/progs/ros2/ros2_ws/install/numb_cpp/share/numb_cpp/package.dsv'
[7.045s] INFO:colcon.colcon_core.shell:Creating package script '/home/sharath/progs/ros2/ros2_ws/install/numb_cpp/share/numb_cpp/package.sh'
[7.045s] INFO:colcon.colcon_core.shell:Creating package script '/home/sharath/progs/ros2/ros2_ws/install/numb_cpp/share/numb_cpp/package.bash'
[7.046s] INFO:colcon.colcon_core.shell:Creating package script '/home/sharath/progs/ros2/ros2_ws/install/numb_cpp/share/numb_cpp/package.zsh'
[7.046s] Level 1:colcon.colcon_core.environment:create_file_with_runtime_dependencies(/home/sharath/progs/ros2/ros2_ws/install/numb_cpp/share/colcon-core/packages/numb_cpp)
[7.047s] DEBUG:colcon.colcon_parallel_executor.executor.parallel:closing loop
[7.047s] DEBUG:colcon.colcon_parallel_executor.executor.parallel:loop closed
[7.048s] DEBUG:colcon.colcon_parallel_executor.executor.parallel:run_until_complete finished with '0'
[7.048s] DEBUG:colcon.colcon_core.event_reactor:joining thread
[7.055s] INFO:colcon.colcon_core.plugin_system:Skipping extension 'colcon_notification.desktop_notification.notify_send': Could not find 'notify-send'
[7.055s] INFO:colcon.colcon_core.plugin_system:Skipping extension 'colcon_notification.desktop_notification.terminal_notifier': Not used on non-Darwin systems
[7.055s] INFO:colcon.colcon_core.plugin_system:Skipping extension 'colcon_notification.desktop_notification.win32': Not used on non-Windows systems
[7.055s] INFO:colcon.colcon_notification.desktop_notification:Sending desktop notification using 'notify2'
[7.058s] DEBUG:colcon.colcon_notification.desktop_notification.notify2:Failed to initialize notify2: org.freedesktop.DBus.Error.Spawn.ExecFailed: /usr/bin/dbus-launch terminated abnormally without any error message
[7.058s] DEBUG:colcon.colcon_core.event_reactor:joined thread
[7.059s] INFO:colcon.colcon_core.shell:Creating prefix script '/home/sharath/progs/ros2/ros2_ws/install/local_setup.ps1'
[7.060s] INFO:colcon.colcon_core.shell:Creating prefix util module '/home/sharath/progs/ros2/ros2_ws/install/_local_setup_util_ps1.py'
[7.062s] INFO:colcon.colcon_core.shell:Creating prefix chain script '/home/sharath/progs/ros2/ros2_ws/install/setup.ps1'
[7.063s] INFO:colcon.colcon_core.shell:Creating prefix script '/home/sharath/progs/ros2/ros2_ws/install/local_setup.sh'
[7.064s] INFO:colcon.colcon_core.shell:Creating prefix util module '/home/sharath/progs/ros2/ros2_ws/install/_local_setup_util_sh.py'
[7.065s] INFO:colcon.colcon_core.shell:Creating prefix chain script '/home/sharath/progs/ros2/ros2_ws/install/setup.sh'
[7.066s] INFO:colcon.colcon_core.shell:Creating prefix script '/home/sharath/progs/ros2/ros2_ws/install/local_setup.bash'
[7.082s] INFO:colcon.colcon_core.shell:Creating prefix chain script '/home/sharath/progs/ros2/ros2_ws/install/setup.bash'
[7.084s] INFO:colcon.colcon_core.shell:Creating prefix script '/home/sharath/progs/ros2/ros2_ws/install/local_setup.zsh'
[7.085s] INFO:colcon.colcon_core.shell:Creating prefix chain script '/home/sharath/progs/ros2/ros2_ws/install/setup.zsh'
