[0.947s] Invoking command in '/home/sharath/progs/ros2/ros2_ws/build/my_py_pkg': PYTHONPATH=/home/sharath/progs/ros2/ros2_ws/install/my_py_pkg/lib/python3.8/site-packages:${PYTHONPATH} /usr/bin/python3 setup.py develop --prefix /home/sharath/progs/ros2/ros2_ws/install/my_py_pkg --uninstall --editable --build-directory /home/sharath/progs/ros2/ros2_ws/build/my_py_pkg/build
[1.168s] running develop
[1.291s] Removing /home/sharath/progs/ros2/ros2_ws/install/my_py_pkg/lib/python3.8/site-packages/my-py-pkg.egg-link (link to .)
[1.313s] Invoked command in '/home/sharath/progs/ros2/ros2_ws/build/my_py_pkg' returned '0': PYTHONPATH=/home/sharath/progs/ros2/ros2_ws/install/my_py_pkg/lib/python3.8/site-packages:${PYTHONPATH} /usr/bin/python3 setup.py develop --prefix /home/sharath/progs/ros2/ros2_ws/install/my_py_pkg --uninstall --editable --build-directory /home/sharath/progs/ros2/ros2_ws/build/my_py_pkg/build
[1.315s] Invoking command in '/home/sharath/progs/ros2/ros2_ws/src/my_py_pkg': PYTHONPATH=/home/sharath/progs/ros2/ros2_ws/install/my_py_pkg/lib/python3.8/site-packages:${PYTHONPATH} /usr/bin/python3 setup.py egg_info --egg-base ../../build/my_py_pkg build --build-base /home/sharath/progs/ros2/ros2_ws/build/my_py_pkg/build install --prefix /home/sharath/progs/ros2/ros2_ws/install/my_py_pkg --record /home/sharath/progs/ros2/ros2_ws/build/my_py_pkg/install.log --single-version-externally-managed
[1.519s] running egg_info
[1.520s] writing ../../build/my_py_pkg/my_py_pkg.egg-info/PKG-INFO
[1.520s] writing dependency_links to ../../build/my_py_pkg/my_py_pkg.egg-info/dependency_links.txt
[1.521s] writing entry points to ../../build/my_py_pkg/my_py_pkg.egg-info/entry_points.txt
[1.521s] writing requirements to ../../build/my_py_pkg/my_py_pkg.egg-info/requires.txt
[1.521s] writing top-level names to ../../build/my_py_pkg/my_py_pkg.egg-info/top_level.txt
[1.588s] reading manifest file '../../build/my_py_pkg/my_py_pkg.egg-info/SOURCES.txt'
[1.605s] writing manifest file '../../build/my_py_pkg/my_py_pkg.egg-info/SOURCES.txt'
[1.606s] running build
[1.606s] running build_py
[1.606s] copying my_py_pkg/smartphone.py -> /home/sharath/progs/ros2/ros2_ws/build/my_py_pkg/build/lib/my_py_pkg
[1.606s] copying my_py_pkg/add_two_ints_server.py -> /home/sharath/progs/ros2/ros2_ws/build/my_py_pkg/build/lib/my_py_pkg
[1.606s] running install
[1.607s] running install_lib
[1.609s] creating /home/sharath/progs/ros2/ros2_ws/install/my_py_pkg/lib/python3.8/site-packages/my_py_pkg
[1.609s] copying /home/sharath/progs/ros2/ros2_ws/build/my_py_pkg/build/lib/my_py_pkg/my_first_node.py -> /home/sharath/progs/ros2/ros2_ws/install/my_py_pkg/lib/python3.8/site-packages/my_py_pkg
[1.609s] copying /home/sharath/progs/ros2/ros2_ws/build/my_py_pkg/build/lib/my_py_pkg/smartphone.py -> /home/sharath/progs/ros2/ros2_ws/install/my_py_pkg/lib/python3.8/site-packages/my_py_pkg
[1.609s] copying /home/sharath/progs/ros2/ros2_ws/build/my_py_pkg/build/lib/my_py_pkg/add_two_ints_server.py -> /home/sharath/progs/ros2/ros2_ws/install/my_py_pkg/lib/python3.8/site-packages/my_py_pkg
[1.609s] copying /home/sharath/progs/ros2/ros2_ws/build/my_py_pkg/build/lib/my_py_pkg/robot_news_station.py -> /home/sharath/progs/ros2/ros2_ws/install/my_py_pkg/lib/python3.8/site-packages/my_py_pkg
[1.609s] copying /home/sharath/progs/ros2/ros2_ws/build/my_py_pkg/build/lib/my_py_pkg/__init__.py -> /home/sharath/progs/ros2/ros2_ws/install/my_py_pkg/lib/python3.8/site-packages/my_py_pkg
[1.609s] copying /home/sharath/progs/ros2/ros2_ws/build/my_py_pkg/build/lib/my_py_pkg/node_template.py -> /home/sharath/progs/ros2/ros2_ws/install/my_py_pkg/lib/python3.8/site-packages/my_py_pkg
[1.610s] byte-compiling /home/sharath/progs/ros2/ros2_ws/install/my_py_pkg/lib/python3.8/site-packages/my_py_pkg/my_first_node.py to my_first_node.cpython-38.pyc
[1.611s] byte-compiling /home/sharath/progs/ros2/ros2_ws/install/my_py_pkg/lib/python3.8/site-packages/my_py_pkg/smartphone.py to smartphone.cpython-38.pyc
[1.612s] byte-compiling /home/sharath/progs/ros2/ros2_ws/install/my_py_pkg/lib/python3.8/site-packages/my_py_pkg/add_two_ints_server.py to add_two_ints_server.cpython-38.pyc
[1.612s] byte-compiling /home/sharath/progs/ros2/ros2_ws/install/my_py_pkg/lib/python3.8/site-packages/my_py_pkg/robot_news_station.py to robot_news_station.cpython-38.pyc
[1.612s] byte-compiling /home/sharath/progs/ros2/ros2_ws/install/my_py_pkg/lib/python3.8/site-packages/my_py_pkg/__init__.py to __init__.cpython-38.pyc
[1.621s] byte-compiling /home/sharath/progs/ros2/ros2_ws/install/my_py_pkg/lib/python3.8/site-packages/my_py_pkg/node_template.py to node_template.cpython-38.pyc
[1.630s] running install_data
[1.630s] running install_egg_info
[1.632s] Copying ../../build/my_py_pkg/my_py_pkg.egg-info to /home/sharath/progs/ros2/ros2_ws/install/my_py_pkg/lib/python3.8/site-packages/my_py_pkg-0.0.0-py3.8.egg-info
[1.633s] running install_scripts
[1.651s] Installing add_two_ints_server script to /home/sharath/progs/ros2/ros2_ws/install/my_py_pkg/lib/my_py_pkg
[1.651s] Installing py_node script to /home/sharath/progs/ros2/ros2_ws/install/my_py_pkg/lib/my_py_pkg
[1.651s] Installing robot_news_station script to /home/sharath/progs/ros2/ros2_ws/install/my_py_pkg/lib/my_py_pkg
[1.651s] Installing smartphone script to /home/sharath/progs/ros2/ros2_ws/install/my_py_pkg/lib/my_py_pkg
[1.652s] writing list of installed files to '/home/sharath/progs/ros2/ros2_ws/build/my_py_pkg/install.log'
[1.675s] Invoked command in '/home/sharath/progs/ros2/ros2_ws/src/my_py_pkg' returned '0': PYTHONPATH=/home/sharath/progs/ros2/ros2_ws/install/my_py_pkg/lib/python3.8/site-packages:${PYTHONPATH} /usr/bin/python3 setup.py egg_info --egg-base ../../build/my_py_pkg build --build-base /home/sharath/progs/ros2/ros2_ws/build/my_py_pkg/build install --prefix /home/sharath/progs/ros2/ros2_ws/install/my_py_pkg --record /home/sharath/progs/ros2/ros2_ws/build/my_py_pkg/install.log --single-version-externally-managed
