[0.014s] Invoking command in '/home/sharath/progs/ros2/ros2_ws/build/my_cpp_pkg': CMAKE_PREFIX_PATH=/home/sharath/progs/ros2/ros2_ws/install/my_py_pkg:/opt/ros/foxy /usr/bin/cmake --build /home/sharath/progs/ros2/ros2_ws/build/my_cpp_pkg -- -j4 -l4
[0.058s] Invoked command in '/home/sharath/progs/ros2/ros2_ws/build/my_cpp_pkg' returned '0': CMAKE_PREFIX_PATH=/home/sharath/progs/ros2/ros2_ws/install/my_py_pkg:/opt/ros/foxy /usr/bin/cmake --build /home/sharath/progs/ros2/ros2_ws/build/my_cpp_pkg -- -j4 -l4
[0.093s] Invoking command in '/home/sharath/progs/ros2/ros2_ws/build/my_cpp_pkg': CMAKE_PREFIX_PATH=/home/sharath/progs/ros2/ros2_ws/install/my_py_pkg:/opt/ros/foxy /usr/bin/cmake --install /home/sharath/progs/ros2/ros2_ws/build/my_cpp_pkg
[0.101s] -- Install configuration: ""
[0.101s] -- Up-to-date: /home/sharath/progs/ros2/ros2_ws/install/my_cpp_pkg/share/ament_index/resource_index/package_run_dependencies/my_cpp_pkg
[0.101s] -- Up-to-date: /home/sharath/progs/ros2/ros2_ws/install/my_cpp_pkg/share/ament_index/resource_index/parent_prefix_path/my_cpp_pkg
[0.101s] -- Up-to-date: /home/sharath/progs/ros2/ros2_ws/install/my_cpp_pkg/share/my_cpp_pkg/environment/ament_prefix_path.sh
[0.102s] -- Up-to-date: /home/sharath/progs/ros2/ros2_ws/install/my_cpp_pkg/share/my_cpp_pkg/environment/ament_prefix_path.dsv
[0.102s] -- Up-to-date: /home/sharath/progs/ros2/ros2_ws/install/my_cpp_pkg/share/my_cpp_pkg/environment/path.sh
[0.102s] -- Up-to-date: /home/sharath/progs/ros2/ros2_ws/install/my_cpp_pkg/share/my_cpp_pkg/environment/path.dsv
[0.102s] -- Up-to-date: /home/sharath/progs/ros2/ros2_ws/install/my_cpp_pkg/share/my_cpp_pkg/local_setup.bash
[0.102s] -- Up-to-date: /home/sharath/progs/ros2/ros2_ws/install/my_cpp_pkg/share/my_cpp_pkg/local_setup.sh
[0.102s] -- Up-to-date: /home/sharath/progs/ros2/ros2_ws/install/my_cpp_pkg/share/my_cpp_pkg/local_setup.zsh
[0.102s] -- Up-to-date: /home/sharath/progs/ros2/ros2_ws/install/my_cpp_pkg/share/my_cpp_pkg/local_setup.dsv
[0.102s] -- Up-to-date: /home/sharath/progs/ros2/ros2_ws/install/my_cpp_pkg/share/my_cpp_pkg/package.dsv
[0.102s] -- Up-to-date: /home/sharath/progs/ros2/ros2_ws/install/my_cpp_pkg/share/ament_index/resource_index/packages/my_cpp_pkg
[0.102s] -- Up-to-date: /home/sharath/progs/ros2/ros2_ws/install/my_cpp_pkg/share/my_cpp_pkg/cmake/my_cpp_pkgConfig.cmake
[0.103s] -- Up-to-date: /home/sharath/progs/ros2/ros2_ws/install/my_cpp_pkg/share/my_cpp_pkg/cmake/my_cpp_pkgConfig-version.cmake
[0.103s] -- Up-to-date: /home/sharath/progs/ros2/ros2_ws/install/my_cpp_pkg/share/my_cpp_pkg/package.xml
[0.104s] Invoked command in '/home/sharath/progs/ros2/ros2_ws/build/my_cpp_pkg' returned '0': CMAKE_PREFIX_PATH=/home/sharath/progs/ros2/ros2_ws/install/my_py_pkg:/opt/ros/foxy /usr/bin/cmake --install /home/sharath/progs/ros2/ros2_ws/build/my_cpp_pkg
