[0.013s] Invoking command in '/home/sharath/progs/ros2/ros2_ws/build/my_cpp_pkg': CMAKE_PREFIX_PATH=/home/sharath/progs/ros2/ros2_ws/install/my_py_pkg:/opt/ros/foxy /usr/bin/cmake /home/sharath/progs/ros2/ros2_ws/src/my_cpp_pkg -DCMAKE_INSTALL_PREFIX=/home/sharath/progs/ros2/ros2_ws/install/my_cpp_pkg
[0.031s] -- Found ament_cmake: 0.9.9 (/opt/ros/foxy/share/ament_cmake/cmake)
[0.053s] -- Using PYTHON_EXECUTABLE: /home/sharath/anaconda3/bin/python3
[0.255s] -- Found rclcpp: 2.4.1 (/opt/ros/foxy/share/rclcpp/cmake)
[0.289s] -- Using all available rosidl_typesupport_c: rosidl_typesupport_fastrtps_c;rosidl_typesupport_introspection_c
[0.293s] -- Found rosidl_adapter: 1.2.1 (/opt/ros/foxy/share/rosidl_adapter/cmake)
[0.424s] -- Using all available rosidl_typesupport_cpp: rosidl_typesupport_fastrtps_cpp;rosidl_typesupport_introspection_cpp
[0.473s] -- Found rmw_implementation_cmake: 1.0.3 (/opt/ros/foxy/share/rmw_implementation_cmake/cmake)
[0.475s] -- Using RMW implementation 'rmw_fastrtps_cpp' as default
[0.612s] -- Found ament_lint_auto: 0.9.6 (/opt/ros/foxy/share/ament_lint_auto/cmake)
[0.833s] -- Added test 'copyright' to check source files copyright and LICENSE
[0.838s] -- Added test 'lint_cmake' to check CMake code style
[0.841s] -- Added test 'xmllint' to check XML markup files
[0.867s] -- Configuring done
[0.872s] -- Generating done
[0.874s] -- Build files have been written to: /home/sharath/progs/ros2/ros2_ws/build/my_cpp_pkg
[0.879s] Invoked command in '/home/sharath/progs/ros2/ros2_ws/build/my_cpp_pkg' returned '0': CMAKE_PREFIX_PATH=/home/sharath/progs/ros2/ros2_ws/install/my_py_pkg:/opt/ros/foxy /usr/bin/cmake /home/sharath/progs/ros2/ros2_ws/src/my_cpp_pkg -DCMAKE_INSTALL_PREFIX=/home/sharath/progs/ros2/ros2_ws/install/my_cpp_pkg
[0.882s] Invoking command in '/home/sharath/progs/ros2/ros2_ws/build/my_cpp_pkg': CMAKE_PREFIX_PATH=/home/sharath/progs/ros2/ros2_ws/install/my_py_pkg:/opt/ros/foxy /usr/bin/cmake --build /home/sharath/progs/ros2/ros2_ws/build/my_cpp_pkg -- -j4 -l4
[0.923s] Invoked command in '/home/sharath/progs/ros2/ros2_ws/build/my_cpp_pkg' returned '0': CMAKE_PREFIX_PATH=/home/sharath/progs/ros2/ros2_ws/install/my_py_pkg:/opt/ros/foxy /usr/bin/cmake --build /home/sharath/progs/ros2/ros2_ws/build/my_cpp_pkg -- -j4 -l4
[0.959s] Invoking command in '/home/sharath/progs/ros2/ros2_ws/build/my_cpp_pkg': CMAKE_PREFIX_PATH=/home/sharath/progs/ros2/ros2_ws/install/my_py_pkg:/opt/ros/foxy /usr/bin/cmake --install /home/sharath/progs/ros2/ros2_ws/build/my_cpp_pkg
[0.966s] -- Install configuration: ""
[0.967s] -- Installing: /home/sharath/progs/ros2/ros2_ws/install/my_cpp_pkg/share/ament_index/resource_index/package_run_dependencies/my_cpp_pkg
[0.967s] -- Installing: /home/sharath/progs/ros2/ros2_ws/install/my_cpp_pkg/share/ament_index/resource_index/parent_prefix_path/my_cpp_pkg
[0.967s] -- Installing: /home/sharath/progs/ros2/ros2_ws/install/my_cpp_pkg/share/my_cpp_pkg/environment/ament_prefix_path.sh
[0.967s] -- Installing: /home/sharath/progs/ros2/ros2_ws/install/my_cpp_pkg/share/my_cpp_pkg/environment/ament_prefix_path.dsv
[0.968s] -- Installing: /home/sharath/progs/ros2/ros2_ws/install/my_cpp_pkg/share/my_cpp_pkg/environment/path.sh
[0.968s] -- Installing: /home/sharath/progs/ros2/ros2_ws/install/my_cpp_pkg/share/my_cpp_pkg/environment/path.dsv
[0.968s] -- Installing: /home/sharath/progs/ros2/ros2_ws/install/my_cpp_pkg/share/my_cpp_pkg/local_setup.bash
[0.968s] -- Installing: /home/sharath/progs/ros2/ros2_ws/install/my_cpp_pkg/share/my_cpp_pkg/local_setup.sh
[0.968s] -- Installing: /home/sharath/progs/ros2/ros2_ws/install/my_cpp_pkg/share/my_cpp_pkg/local_setup.zsh
[0.969s] -- Installing: /home/sharath/progs/ros2/ros2_ws/install/my_cpp_pkg/share/my_cpp_pkg/local_setup.dsv
[0.969s] -- Installing: /home/sharath/progs/ros2/ros2_ws/install/my_cpp_pkg/share/my_cpp_pkg/package.dsv
[0.969s] -- Installing: /home/sharath/progs/ros2/ros2_ws/install/my_cpp_pkg/share/ament_index/resource_index/packages/my_cpp_pkg
[0.970s] -- Installing: /home/sharath/progs/ros2/ros2_ws/install/my_cpp_pkg/share/my_cpp_pkg/cmake/my_cpp_pkgConfig.cmake
[0.970s] -- Installing: /home/sharath/progs/ros2/ros2_ws/install/my_cpp_pkg/share/my_cpp_pkg/cmake/my_cpp_pkgConfig-version.cmake
[0.970s] -- Installing: /home/sharath/progs/ros2/ros2_ws/install/my_cpp_pkg/share/my_cpp_pkg/package.xml
[0.972s] Invoked command in '/home/sharath/progs/ros2/ros2_ws/build/my_cpp_pkg' returned '0': CMAKE_PREFIX_PATH=/home/sharath/progs/ros2/ros2_ws/install/my_py_pkg:/opt/ros/foxy /usr/bin/cmake --install /home/sharath/progs/ros2/ros2_ws/build/my_cpp_pkg
