[0.594s] Invoking command in '/home/sharath/progs/ros2/ros2_ws/src/numb_py': PYTHONPATH=/home/sharath/progs/ros2/ros2_ws/install/numb_py/lib/python3.8/site-packages:${PYTHONPATH} /usr/bin/python3 setup.py egg_info --egg-base ../../build/numb_py build --build-base /home/sharath/progs/ros2/ros2_ws/build/numb_py/build install --prefix /home/sharath/progs/ros2/ros2_ws/install/numb_py --record /home/sharath/progs/ros2/ros2_ws/build/numb_py/install.log --single-version-externally-managed
[0.803s] running egg_info
[0.803s] creating ../../build/numb_py/numb_py.egg-info
[0.803s] writing ../../build/numb_py/numb_py.egg-info/PKG-INFO
[0.804s] writing dependency_links to ../../build/numb_py/numb_py.egg-info/dependency_links.txt
[0.804s] writing entry points to ../../build/numb_py/numb_py.egg-info/entry_points.txt
[0.804s] writing requirements to ../../build/numb_py/numb_py.egg-info/requires.txt
[0.804s] writing top-level names to ../../build/numb_py/numb_py.egg-info/top_level.txt
[0.805s] writing manifest file '../../build/numb_py/numb_py.egg-info/SOURCES.txt'
[0.841s] reading manifest file '../../build/numb_py/numb_py.egg-info/SOURCES.txt'
[0.842s] writing manifest file '../../build/numb_py/numb_py.egg-info/SOURCES.txt'
[0.842s] running build
[0.842s] running build_py
[0.843s] creating /home/sharath/progs/ros2/ros2_ws/build/numb_py/build
[0.843s] creating /home/sharath/progs/ros2/ros2_ws/build/numb_py/build/lib
[0.843s] creating /home/sharath/progs/ros2/ros2_ws/build/numb_py/build/lib/numb_py
[0.843s] copying numb_py/number_publisher.py -> /home/sharath/progs/ros2/ros2_ws/build/numb_py/build/lib/numb_py
[0.843s] copying numb_py/__init__.py -> /home/sharath/progs/ros2/ros2_ws/build/numb_py/build/lib/numb_py
[0.843s] running install
[0.843s] running install_lib
[0.844s] creating /home/sharath/progs/ros2/ros2_ws/install/numb_py/lib/python3.8/site-packages/numb_py
[0.845s] copying /home/sharath/progs/ros2/ros2_ws/build/numb_py/build/lib/numb_py/number_publisher.py -> /home/sharath/progs/ros2/ros2_ws/install/numb_py/lib/python3.8/site-packages/numb_py
[0.845s] copying /home/sharath/progs/ros2/ros2_ws/build/numb_py/build/lib/numb_py/__init__.py -> /home/sharath/progs/ros2/ros2_ws/install/numb_py/lib/python3.8/site-packages/numb_py
[0.845s] byte-compiling /home/sharath/progs/ros2/ros2_ws/install/numb_py/lib/python3.8/site-packages/numb_py/number_publisher.py to number_publisher.cpython-38.pyc
[0.846s] byte-compiling /home/sharath/progs/ros2/ros2_ws/install/numb_py/lib/python3.8/site-packages/numb_py/__init__.py to __init__.cpython-38.pyc
[0.847s] running install_data
[0.847s] creating /home/sharath/progs/ros2/ros2_ws/install/numb_py/share/ament_index
[0.847s] creating /home/sharath/progs/ros2/ros2_ws/install/numb_py/share/ament_index/resource_index
[0.847s] creating /home/sharath/progs/ros2/ros2_ws/install/numb_py/share/ament_index/resource_index/packages
[0.847s] copying resource/numb_py -> /home/sharath/progs/ros2/ros2_ws/install/numb_py/share/ament_index/resource_index/packages
[0.847s] copying package.xml -> /home/sharath/progs/ros2/ros2_ws/install/numb_py/share/numb_py
[0.847s] running install_egg_info
[0.849s] Copying ../../build/numb_py/numb_py.egg-info to /home/sharath/progs/ros2/ros2_ws/install/numb_py/lib/python3.8/site-packages/numb_py-0.0.0-py3.8.egg-info
[0.850s] running install_scripts
[0.867s] Installing number_publisher script to /home/sharath/progs/ros2/ros2_ws/install/numb_py/lib/numb_py
[0.868s] writing list of installed files to '/home/sharath/progs/ros2/ros2_ws/build/numb_py/install.log'
[0.889s] Invoked command in '/home/sharath/progs/ros2/ros2_ws/src/numb_py' returned '0': PYTHONPATH=/home/sharath/progs/ros2/ros2_ws/install/numb_py/lib/python3.8/site-packages:${PYTHONPATH} /usr/bin/python3 setup.py egg_info --egg-base ../../build/numb_py build --build-base /home/sharath/progs/ros2/ros2_ws/build/numb_py/build install --prefix /home/sharath/progs/ros2/ros2_ws/install/numb_py --record /home/sharath/progs/ros2/ros2_ws/build/numb_py/install.log --single-version-externally-managed
