[35m[1mScanning dependencies of target number_counter[0m
[ 50%] [32mBuilding CXX object CMakeFiles/number_counter.dir/src/number_counter.cpp.o[0m
[100%] [32m[1mLinking CXX executable number_counter[0m
[100%] Built target number_counter
-- Install configuration: ""
-- Installing: /home/sharath/progs/ros2/ros2_ws/install/numb_cpp/lib/numb_cpp/number_counter
-- Set runtime path of "/home/sharath/progs/ros2/ros2_ws/install/numb_cpp/lib/numb_cpp/number_counter" to ""
-- Up-to-date: /home/sharath/progs/ros2/ros2_ws/install/numb_cpp/share/ament_index/resource_index/package_run_dependencies/numb_cpp
-- Up-to-date: /home/sharath/progs/ros2/ros2_ws/install/numb_cpp/share/ament_index/resource_index/parent_prefix_path/numb_cpp
-- Up-to-date: /home/sharath/progs/ros2/ros2_ws/install/numb_cpp/share/numb_cpp/environment/ament_prefix_path.sh
-- Up-to-date: /home/sharath/progs/ros2/ros2_ws/install/numb_cpp/share/numb_cpp/environment/ament_prefix_path.dsv
-- Up-to-date: /home/sharath/progs/ros2/ros2_ws/install/numb_cpp/share/numb_cpp/environment/path.sh
-- Up-to-date: /home/sharath/progs/ros2/ros2_ws/install/numb_cpp/share/numb_cpp/environment/path.dsv
-- Up-to-date: /home/sharath/progs/ros2/ros2_ws/install/numb_cpp/share/numb_cpp/local_setup.bash
-- Up-to-date: /home/sharath/progs/ros2/ros2_ws/install/numb_cpp/share/numb_cpp/local_setup.sh
-- Up-to-date: /home/sharath/progs/ros2/ros2_ws/install/numb_cpp/share/numb_cpp/local_setup.zsh
-- Up-to-date: /home/sharath/progs/ros2/ros2_ws/install/numb_cpp/share/numb_cpp/local_setup.dsv
-- Installing: /home/sharath/progs/ros2/ros2_ws/install/numb_cpp/share/numb_cpp/package.dsv
-- Up-to-date: /home/sharath/progs/ros2/ros2_ws/install/numb_cpp/share/ament_index/resource_index/packages/numb_cpp
-- Up-to-date: /home/sharath/progs/ros2/ros2_ws/install/numb_cpp/share/numb_cpp/cmake/numb_cppConfig.cmake
-- Up-to-date: /home/sharath/progs/ros2/ros2_ws/install/numb_cpp/share/numb_cpp/cmake/numb_cppConfig-version.cmake
-- Up-to-date: /home/sharath/progs/ros2/ros2_ws/install/numb_cpp/share/numb_cpp/package.xml
