[0.047s] Invoking command in '/home/sharath/progs/ros2/ros2_ws/build/numb_cpp': CMAKE_PREFIX_PATH=${CMAKE_PREFIX_PATH}:/home/sharath/progs/ros2/ros2_ws/install/my_py_pkg:/opt/ros/foxy /usr/bin/cmake --build /home/sharath/progs/ros2/ros2_ws/build/numb_cpp -- -j4 -l4
[0.517s] [35m[1mScanning dependencies of target number_counter[0m
[0.573s] [ 50%] [32mBuilding CXX object CMakeFiles/number_counter.dir/src/number_counter.cpp.o[0m
[5.864s] [100%] [32m[1mLinking CXX executable number_counter[0m
[6.370s] [100%] Built target number_counter
[6.381s] Invoked command in '/home/sharath/progs/ros2/ros2_ws/build/numb_cpp' returned '0': CMAKE_PREFIX_PATH=${CMAKE_PREFIX_PATH}:/home/sharath/progs/ros2/ros2_ws/install/my_py_pkg:/opt/ros/foxy /usr/bin/cmake --build /home/sharath/progs/ros2/ros2_ws/build/numb_cpp -- -j4 -l4
[6.415s] Invoking command in '/home/sharath/progs/ros2/ros2_ws/build/numb_cpp': CMAKE_PREFIX_PATH=${CMAKE_PREFIX_PATH}:/home/sharath/progs/ros2/ros2_ws/install/my_py_pkg:/opt/ros/foxy /usr/bin/cmake --install /home/sharath/progs/ros2/ros2_ws/build/numb_cpp
[6.424s] -- Install configuration: ""
[6.424s] -- Installing: /home/sharath/progs/ros2/ros2_ws/install/numb_cpp/lib/numb_cpp/number_counter
[6.426s] -- Set runtime path of "/home/sharath/progs/ros2/ros2_ws/install/numb_cpp/lib/numb_cpp/number_counter" to ""
[6.427s] -- Up-to-date: /home/sharath/progs/ros2/ros2_ws/install/numb_cpp/share/ament_index/resource_index/package_run_dependencies/numb_cpp
[6.427s] -- Up-to-date: /home/sharath/progs/ros2/ros2_ws/install/numb_cpp/share/ament_index/resource_index/parent_prefix_path/numb_cpp
[6.427s] -- Up-to-date: /home/sharath/progs/ros2/ros2_ws/install/numb_cpp/share/numb_cpp/environment/ament_prefix_path.sh
[6.427s] -- Up-to-date: /home/sharath/progs/ros2/ros2_ws/install/numb_cpp/share/numb_cpp/environment/ament_prefix_path.dsv
[6.427s] -- Up-to-date: /home/sharath/progs/ros2/ros2_ws/install/numb_cpp/share/numb_cpp/environment/path.sh
[6.427s] -- Up-to-date: /home/sharath/progs/ros2/ros2_ws/install/numb_cpp/share/numb_cpp/environment/path.dsv
[6.428s] -- Up-to-date: /home/sharath/progs/ros2/ros2_ws/install/numb_cpp/share/numb_cpp/local_setup.bash
[6.428s] -- Up-to-date: /home/sharath/progs/ros2/ros2_ws/install/numb_cpp/share/numb_cpp/local_setup.sh
[6.428s] -- Up-to-date: /home/sharath/progs/ros2/ros2_ws/install/numb_cpp/share/numb_cpp/local_setup.zsh
[6.428s] -- Up-to-date: /home/sharath/progs/ros2/ros2_ws/install/numb_cpp/share/numb_cpp/local_setup.dsv
[6.428s] -- Installing: /home/sharath/progs/ros2/ros2_ws/install/numb_cpp/share/numb_cpp/package.dsv
[6.428s] -- Up-to-date: /home/sharath/progs/ros2/ros2_ws/install/numb_cpp/share/ament_index/resource_index/packages/numb_cpp
[6.428s] -- Up-to-date: /home/sharath/progs/ros2/ros2_ws/install/numb_cpp/share/numb_cpp/cmake/numb_cppConfig.cmake
[6.428s] -- Up-to-date: /home/sharath/progs/ros2/ros2_ws/install/numb_cpp/share/numb_cpp/cmake/numb_cppConfig-version.cmake
[6.428s] -- Up-to-date: /home/sharath/progs/ros2/ros2_ws/install/numb_cpp/share/numb_cpp/package.xml
[6.430s] Invoked command in '/home/sharath/progs/ros2/ros2_ws/build/numb_cpp' returned '0': CMAKE_PREFIX_PATH=${CMAKE_PREFIX_PATH}:/home/sharath/progs/ros2/ros2_ws/install/my_py_pkg:/opt/ros/foxy /usr/bin/cmake --install /home/sharath/progs/ros2/ros2_ws/build/numb_cpp
