[0.616s] Invoking command in '/home/sharath/progs/ros2/ros2_ws/src/my_py_pkg': PYTHONPATH=/home/sharath/progs/ros2/ros2_ws/install/my_py_pkg/lib/python3.8/site-packages:${PYTHONPATH} /usr/bin/python3 setup.py egg_info --egg-base ../../build/my_py_pkg build --build-base /home/sharath/progs/ros2/ros2_ws/build/my_py_pkg/build install --prefix /home/sharath/progs/ros2/ros2_ws/install/my_py_pkg --record /home/sharath/progs/ros2/ros2_ws/build/my_py_pkg/install.log --single-version-externally-managed
[0.817s] running egg_info
[0.818s] writing ../../build/my_py_pkg/my_py_pkg.egg-info/PKG-INFO
[0.818s] writing dependency_links to ../../build/my_py_pkg/my_py_pkg.egg-info/dependency_links.txt
[0.818s] writing entry points to ../../build/my_py_pkg/my_py_pkg.egg-info/entry_points.txt
[0.818s] writing requirements to ../../build/my_py_pkg/my_py_pkg.egg-info/requires.txt
[0.819s] writing top-level names to ../../build/my_py_pkg/my_py_pkg.egg-info/top_level.txt
[0.856s] reading manifest file '../../build/my_py_pkg/my_py_pkg.egg-info/SOURCES.txt'
[0.857s] writing manifest file '../../build/my_py_pkg/my_py_pkg.egg-info/SOURCES.txt'
[0.857s] running build
[0.858s] running build_py
[0.858s] copying my_py_pkg/my_first_node.py -> /home/sharath/progs/ros2/ros2_ws/build/my_py_pkg/build/lib/my_py_pkg
[0.858s] running install
[0.859s] running install_lib
[0.860s] copying /home/sharath/progs/ros2/ros2_ws/build/my_py_pkg/build/lib/my_py_pkg/my_first_node.py -> /home/sharath/progs/ros2/ros2_ws/install/my_py_pkg/lib/python3.8/site-packages/my_py_pkg
[0.860s] byte-compiling /home/sharath/progs/ros2/ros2_ws/install/my_py_pkg/lib/python3.8/site-packages/my_py_pkg/my_first_node.py to my_first_node.cpython-38.pyc
[0.861s] running install_data
[0.862s] running install_egg_info
[0.863s] removing '/home/sharath/progs/ros2/ros2_ws/install/my_py_pkg/lib/python3.8/site-packages/my_py_pkg-0.0.0-py3.8.egg-info' (and everything under it)
[0.864s] Copying ../../build/my_py_pkg/my_py_pkg.egg-info to /home/sharath/progs/ros2/ros2_ws/install/my_py_pkg/lib/python3.8/site-packages/my_py_pkg-0.0.0-py3.8.egg-info
[0.865s] running install_scripts
[0.883s] Installing py_node script to /home/sharath/progs/ros2/ros2_ws/install/my_py_pkg/lib/my_py_pkg
[0.883s] writing list of installed files to '/home/sharath/progs/ros2/ros2_ws/build/my_py_pkg/install.log'
[0.907s] Invoked command in '/home/sharath/progs/ros2/ros2_ws/src/my_py_pkg' returned '0': PYTHONPATH=/home/sharath/progs/ros2/ros2_ws/install/my_py_pkg/lib/python3.8/site-packages:${PYTHONPATH} /usr/bin/python3 setup.py egg_info --egg-base ../../build/my_py_pkg build --build-base /home/sharath/progs/ros2/ros2_ws/build/my_py_pkg/build install --prefix /home/sharath/progs/ros2/ros2_ws/install/my_py_pkg --record /home/sharath/progs/ros2/ros2_ws/build/my_py_pkg/install.log --single-version-externally-managed
