running egg_info
creating ../../build/numb_py/numb_py.egg-info
writing ../../build/numb_py/numb_py.egg-info/PKG-INFO
writing dependency_links to ../../build/numb_py/numb_py.egg-info/dependency_links.txt
writing entry points to ../../build/numb_py/numb_py.egg-info/entry_points.txt
writing requirements to ../../build/numb_py/numb_py.egg-info/requires.txt
writing top-level names to ../../build/numb_py/numb_py.egg-info/top_level.txt
writing manifest file '../../build/numb_py/numb_py.egg-info/SOURCES.txt'
reading manifest file '../../build/numb_py/numb_py.egg-info/SOURCES.txt'
writing manifest file '../../build/numb_py/numb_py.egg-info/SOURCES.txt'
running build
running build_py
creating /home/sharath/progs/ros2/ros2_ws/build/numb_py/build
creating /home/sharath/progs/ros2/ros2_ws/build/numb_py/build/lib
creating /home/sharath/progs/ros2/ros2_ws/build/numb_py/build/lib/numb_py
copying numb_py/number_publisher.py -> /home/sharath/progs/ros2/ros2_ws/build/numb_py/build/lib/numb_py
copying numb_py/__init__.py -> /home/sharath/progs/ros2/ros2_ws/build/numb_py/build/lib/numb_py
running install
running install_lib
creating /home/sharath/progs/ros2/ros2_ws/install/numb_py/lib/python3.8/site-packages/numb_py
copying /home/sharath/progs/ros2/ros2_ws/build/numb_py/build/lib/numb_py/number_publisher.py -> /home/sharath/progs/ros2/ros2_ws/install/numb_py/lib/python3.8/site-packages/numb_py
copying /home/sharath/progs/ros2/ros2_ws/build/numb_py/build/lib/numb_py/__init__.py -> /home/sharath/progs/ros2/ros2_ws/install/numb_py/lib/python3.8/site-packages/numb_py
byte-compiling /home/sharath/progs/ros2/ros2_ws/install/numb_py/lib/python3.8/site-packages/numb_py/number_publisher.py to number_publisher.cpython-38.pyc
byte-compiling /home/sharath/progs/ros2/ros2_ws/install/numb_py/lib/python3.8/site-packages/numb_py/__init__.py to __init__.cpython-38.pyc
running install_data
creating /home/sharath/progs/ros2/ros2_ws/install/numb_py/share/ament_index
creating /home/sharath/progs/ros2/ros2_ws/install/numb_py/share/ament_index/resource_index
creating /home/sharath/progs/ros2/ros2_ws/install/numb_py/share/ament_index/resource_index/packages
copying resource/numb_py -> /home/sharath/progs/ros2/ros2_ws/install/numb_py/share/ament_index/resource_index/packages
copying package.xml -> /home/sharath/progs/ros2/ros2_ws/install/numb_py/share/numb_py
running install_egg_info
Copying ../../build/numb_py/numb_py.egg-info to /home/sharath/progs/ros2/ros2_ws/install/numb_py/lib/python3.8/site-packages/numb_py-0.0.0-py3.8.egg-info
running install_scripts
Installing number_publisher script to /home/sharath/progs/ros2/ros2_ws/install/numb_py/lib/numb_py
writing list of installed files to '/home/sharath/progs/ros2/ros2_ws/build/numb_py/install.log'
