-- Found ament_cmake: 0.9.9 (/opt/ros/foxy/share/ament_cmake/cmake)
-- Using PYTHON_EXECUTABLE: /usr/bin/python3
-- Found rclcpp: 2.4.1 (/opt/ros/foxy/share/rclcpp/cmake)
-- Using all available rosidl_typesupport_c: rosidl_typesupport_fastrtps_c;rosidl_typesupport_introspection_c
-- Found rosidl_adapter: 1.2.1 (/opt/ros/foxy/share/rosidl_adapter/cmake)
-- Using all available rosidl_typesupport_cpp: rosidl_typesupport_fastrtps_cpp;rosidl_typesupport_introspection_cpp
-- Found rmw_implementation_cmake: 1.0.3 (/opt/ros/foxy/share/rmw_implementation_cmake/cmake)
-- Using RMW implementation 'rmw_fastrtps_cpp' as default
-- Found example_interfaces: 0.9.1 (/opt/ros/foxy/share/example_interfaces/cmake)
-- Found ament_lint_auto: 0.9.6 (/opt/ros/foxy/share/ament_lint_auto/cmake)
-- Added test 'copyright' to check source files copyright and LICENSE
-- Added test 'cppcheck' to perform static code analysis on C / C++ code
-- Configured cppcheck include dirs: 
-- Configured cppcheck exclude dirs and/or files: 
-- Added test 'cpplint' to check C / C++ code against the Google style
-- Configured cpplint exclude dirs and/or files: 
-- Added test 'lint_cmake' to check CMake code style
-- Added test 'uncrustify' to check C / C++ code style
-- Configured uncrustify additional arguments: 
-- Added test 'xmllint' to check XML markup files
-- Configuring done
-- Generating done
-- Build files have been written to: /home/sharath/progs/ros2/ros2_ws/build/numb_cpp
[35m[1mScanning dependencies of target number_counter[0m
[ 50%] [32mBuilding CXX object CMakeFiles/number_counter.dir/src/number_counter.cpp.o[0m
[100%] [32m[1mLinking CXX executable number_counter[0m
[100%] Built target number_counter
-- Install configuration: ""
-- Installing: /home/sharath/progs/ros2/ros2_ws/install/numb_cpp/lib/numb_cpp/number_counter
-- Set runtime path of "/home/sharath/progs/ros2/ros2_ws/install/numb_cpp/lib/numb_cpp/number_counter" to ""
-- Installing: /home/sharath/progs/ros2/ros2_ws/install/numb_cpp/share/ament_index/resource_index/package_run_dependencies/numb_cpp
-- Installing: /home/sharath/progs/ros2/ros2_ws/install/numb_cpp/share/ament_index/resource_index/parent_prefix_path/numb_cpp
-- Installing: /home/sharath/progs/ros2/ros2_ws/install/numb_cpp/share/numb_cpp/environment/ament_prefix_path.sh
-- Installing: /home/sharath/progs/ros2/ros2_ws/install/numb_cpp/share/numb_cpp/environment/ament_prefix_path.dsv
-- Installing: /home/sharath/progs/ros2/ros2_ws/install/numb_cpp/share/numb_cpp/environment/path.sh
-- Installing: /home/sharath/progs/ros2/ros2_ws/install/numb_cpp/share/numb_cpp/environment/path.dsv
-- Installing: /home/sharath/progs/ros2/ros2_ws/install/numb_cpp/share/numb_cpp/local_setup.bash
-- Installing: /home/sharath/progs/ros2/ros2_ws/install/numb_cpp/share/numb_cpp/local_setup.sh
-- Installing: /home/sharath/progs/ros2/ros2_ws/install/numb_cpp/share/numb_cpp/local_setup.zsh
-- Installing: /home/sharath/progs/ros2/ros2_ws/install/numb_cpp/share/numb_cpp/local_setup.dsv
-- Installing: /home/sharath/progs/ros2/ros2_ws/install/numb_cpp/share/numb_cpp/package.dsv
-- Installing: /home/sharath/progs/ros2/ros2_ws/install/numb_cpp/share/ament_index/resource_index/packages/numb_cpp
-- Installing: /home/sharath/progs/ros2/ros2_ws/install/numb_cpp/share/numb_cpp/cmake/numb_cppConfig.cmake
-- Installing: /home/sharath/progs/ros2/ros2_ws/install/numb_cpp/share/numb_cpp/cmake/numb_cppConfig-version.cmake
-- Installing: /home/sharath/progs/ros2/ros2_ws/install/numb_cpp/share/numb_cpp/package.xml
