[0.014s] Invoking command in '/home/sharath/progs/ros2/ros2_ws/build/my_cpp_pkg': CMAKE_PREFIX_PATH=${CMAKE_PREFIX_PATH}:/home/sharath/progs/ros2/ros2_ws/install/my_py_pkg:/opt/ros/foxy /usr/bin/cmake --build /home/sharath/progs/ros2/ros2_ws/build/my_cpp_pkg -- -j4 -l4
[0.062s] [35m[1mScanning dependencies of target cpp_node[0m
[0.089s] [ 50%] [32mBuilding CXX object CMakeFiles/cpp_node.dir/src/my_first_node.cpp.o[0m
[1.880s] [100%] [32m[1mLinking CXX executable cpp_node[0m
[2.000s] [100%] Built target cpp_node
[2.011s] Invoked command in '/home/sharath/progs/ros2/ros2_ws/build/my_cpp_pkg' returned '0': CMAKE_PREFIX_PATH=${CMAKE_PREFIX_PATH}:/home/sharath/progs/ros2/ros2_ws/install/my_py_pkg:/opt/ros/foxy /usr/bin/cmake --build /home/sharath/progs/ros2/ros2_ws/build/my_cpp_pkg -- -j4 -l4
[2.049s] Invoking command in '/home/sharath/progs/ros2/ros2_ws/build/my_cpp_pkg': CMAKE_PREFIX_PATH=${CMAKE_PREFIX_PATH}:/home/sharath/progs/ros2/ros2_ws/install/my_py_pkg:/opt/ros/foxy /usr/bin/cmake --install /home/sharath/progs/ros2/ros2_ws/build/my_cpp_pkg
[2.059s] -- Install configuration: ""
[2.059s] -- Installing: /home/sharath/progs/ros2/ros2_ws/install/my_cpp_pkg/lib/my_cpp_pkg/cpp_node
[2.059s] -- Set runtime path of "/home/sharath/progs/ros2/ros2_ws/install/my_cpp_pkg/lib/my_cpp_pkg/cpp_node" to ""
[2.059s] -- Up-to-date: /home/sharath/progs/ros2/ros2_ws/install/my_cpp_pkg/share/ament_index/resource_index/package_run_dependencies/my_cpp_pkg
[2.060s] -- Up-to-date: /home/sharath/progs/ros2/ros2_ws/install/my_cpp_pkg/share/ament_index/resource_index/parent_prefix_path/my_cpp_pkg
[2.060s] -- Up-to-date: /home/sharath/progs/ros2/ros2_ws/install/my_cpp_pkg/share/my_cpp_pkg/environment/ament_prefix_path.sh
[2.060s] -- Up-to-date: /home/sharath/progs/ros2/ros2_ws/install/my_cpp_pkg/share/my_cpp_pkg/environment/ament_prefix_path.dsv
[2.060s] -- Up-to-date: /home/sharath/progs/ros2/ros2_ws/install/my_cpp_pkg/share/my_cpp_pkg/environment/path.sh
[2.060s] -- Up-to-date: /home/sharath/progs/ros2/ros2_ws/install/my_cpp_pkg/share/my_cpp_pkg/environment/path.dsv
[2.060s] -- Up-to-date: /home/sharath/progs/ros2/ros2_ws/install/my_cpp_pkg/share/my_cpp_pkg/local_setup.bash
[2.060s] -- Up-to-date: /home/sharath/progs/ros2/ros2_ws/install/my_cpp_pkg/share/my_cpp_pkg/local_setup.sh
[2.060s] -- Up-to-date: /home/sharath/progs/ros2/ros2_ws/install/my_cpp_pkg/share/my_cpp_pkg/local_setup.zsh
[2.060s] -- Up-to-date: /home/sharath/progs/ros2/ros2_ws/install/my_cpp_pkg/share/my_cpp_pkg/local_setup.dsv
[2.060s] -- Installing: /home/sharath/progs/ros2/ros2_ws/install/my_cpp_pkg/share/my_cpp_pkg/package.dsv
[2.061s] -- Up-to-date: /home/sharath/progs/ros2/ros2_ws/install/my_cpp_pkg/share/ament_index/resource_index/packages/my_cpp_pkg
[2.061s] -- Up-to-date: /home/sharath/progs/ros2/ros2_ws/install/my_cpp_pkg/share/my_cpp_pkg/cmake/my_cpp_pkgConfig.cmake
[2.061s] -- Up-to-date: /home/sharath/progs/ros2/ros2_ws/install/my_cpp_pkg/share/my_cpp_pkg/cmake/my_cpp_pkgConfig-version.cmake
[2.061s] -- Up-to-date: /home/sharath/progs/ros2/ros2_ws/install/my_cpp_pkg/share/my_cpp_pkg/package.xml
[2.062s] Invoked command in '/home/sharath/progs/ros2/ros2_ws/build/my_cpp_pkg' returned '0': CMAKE_PREFIX_PATH=${CMAKE_PREFIX_PATH}:/home/sharath/progs/ros2/ros2_ws/install/my_py_pkg:/opt/ros/foxy /usr/bin/cmake --install /home/sharath/progs/ros2/ros2_ws/build/my_cpp_pkg
