[0.620s] Invoking command in '/home/sharath/progs/ros2/ros2_ws/build/my_py_pkg': PYTHONPATH=/home/sharath/progs/ros2/ros2_ws/install/my_py_pkg/lib/python3.8/site-packages:${PYTHONPATH} /usr/bin/python3 setup.py develop --prefix /home/sharath/progs/ros2/ros2_ws/install/my_py_pkg --uninstall --editable --build-directory /home/sharath/progs/ros2/ros2_ws/build/my_py_pkg/build
[0.847s] running develop
[0.980s] Invoked command in '/home/sharath/progs/ros2/ros2_ws/build/my_py_pkg' returned '0': PYTHONPATH=/home/sharath/progs/ros2/ros2_ws/install/my_py_pkg/lib/python3.8/site-packages:${PYTHONPATH} /usr/bin/python3 setup.py develop --prefix /home/sharath/progs/ros2/ros2_ws/install/my_py_pkg --uninstall --editable --build-directory /home/sharath/progs/ros2/ros2_ws/build/my_py_pkg/build
[0.982s] Invoking command in '/home/sharath/progs/ros2/ros2_ws/src/my_py_pkg': PYTHONPATH=/home/sharath/progs/ros2/ros2_ws/install/my_py_pkg/lib/python3.8/site-packages:${PYTHONPATH} /usr/bin/python3 setup.py egg_info --egg-base ../../build/my_py_pkg build --build-base /home/sharath/progs/ros2/ros2_ws/build/my_py_pkg/build install --prefix /home/sharath/progs/ros2/ros2_ws/install/my_py_pkg --record /home/sharath/progs/ros2/ros2_ws/build/my_py_pkg/install.log --single-version-externally-managed
[1.185s] running egg_info
[1.186s] writing ../../build/my_py_pkg/my_py_pkg.egg-info/PKG-INFO
[1.186s] writing dependency_links to ../../build/my_py_pkg/my_py_pkg.egg-info/dependency_links.txt
[1.186s] writing entry points to ../../build/my_py_pkg/my_py_pkg.egg-info/entry_points.txt
[1.186s] writing requirements to ../../build/my_py_pkg/my_py_pkg.egg-info/requires.txt
[1.186s] writing top-level names to ../../build/my_py_pkg/my_py_pkg.egg-info/top_level.txt
[1.224s] reading manifest file '../../build/my_py_pkg/my_py_pkg.egg-info/SOURCES.txt'
[1.225s] writing manifest file '../../build/my_py_pkg/my_py_pkg.egg-info/SOURCES.txt'
[1.225s] running build
[1.226s] running build_py
[1.226s] copying my_py_pkg/add_two_ints_server.py -> /home/sharath/progs/ros2/ros2_ws/build/my_py_pkg/build/lib/my_py_pkg
[1.226s] running install
[1.228s] running install_lib
[1.228s] copying /home/sharath/progs/ros2/ros2_ws/build/my_py_pkg/build/lib/my_py_pkg/add_two_ints_server.py -> /home/sharath/progs/ros2/ros2_ws/install/my_py_pkg/lib/python3.8/site-packages/my_py_pkg
[1.229s] byte-compiling /home/sharath/progs/ros2/ros2_ws/install/my_py_pkg/lib/python3.8/site-packages/my_py_pkg/add_two_ints_server.py to add_two_ints_server.cpython-38.pyc
[1.230s] running install_data
[1.231s] running install_egg_info
[1.232s] removing '/home/sharath/progs/ros2/ros2_ws/install/my_py_pkg/lib/python3.8/site-packages/my_py_pkg-0.0.0-py3.8.egg-info' (and everything under it)
[1.233s] Copying ../../build/my_py_pkg/my_py_pkg.egg-info to /home/sharath/progs/ros2/ros2_ws/install/my_py_pkg/lib/python3.8/site-packages/my_py_pkg-0.0.0-py3.8.egg-info
[1.233s] running install_scripts
[1.250s] Installing add_two_ints_server script to /home/sharath/progs/ros2/ros2_ws/install/my_py_pkg/lib/my_py_pkg
[1.250s] Installing py_node script to /home/sharath/progs/ros2/ros2_ws/install/my_py_pkg/lib/my_py_pkg
[1.251s] Installing robot_news_station script to /home/sharath/progs/ros2/ros2_ws/install/my_py_pkg/lib/my_py_pkg
[1.251s] Installing smartphone script to /home/sharath/progs/ros2/ros2_ws/install/my_py_pkg/lib/my_py_pkg
[1.251s] writing list of installed files to '/home/sharath/progs/ros2/ros2_ws/build/my_py_pkg/install.log'
[1.274s] Invoked command in '/home/sharath/progs/ros2/ros2_ws/src/my_py_pkg' returned '0': PYTHONPATH=/home/sharath/progs/ros2/ros2_ws/install/my_py_pkg/lib/python3.8/site-packages:${PYTHONPATH} /usr/bin/python3 setup.py egg_info --egg-base ../../build/my_py_pkg build --build-base /home/sharath/progs/ros2/ros2_ws/build/my_py_pkg/build install --prefix /home/sharath/progs/ros2/ros2_ws/install/my_py_pkg --record /home/sharath/progs/ros2/ros2_ws/build/my_py_pkg/install.log --single-version-externally-managed
