[0.068s] Invoking command in '/home/sharath/progs/ros2/ros2_ws/build/my_cpp_pkg': CMAKE_PREFIX_PATH=${CMAKE_PREFIX_PATH}:/home/sharath/progs/ros2/ros2_ws/install/my_py_pkg:/opt/ros/foxy /usr/bin/cmake --build /home/sharath/progs/ros2/ros2_ws/build/my_cpp_pkg -- -j4 -l4
[0.650s] -- Found ament_cmake: 0.9.9 (/opt/ros/foxy/share/ament_cmake/cmake)
[0.804s] -- Using PYTHON_EXECUTABLE: /home/sharath/anaconda3/bin/python3
[5.802s] -- Found rclcpp: 2.4.1 (/opt/ros/foxy/share/rclcpp/cmake)
[6.111s] -- Using all available rosidl_typesupport_c: rosidl_typesupport_fastrtps_c;rosidl_typesupport_introspection_c
[6.123s] -- Found rosidl_adapter: 1.2.1 (/opt/ros/foxy/share/rosidl_adapter/cmake)
[8.247s] -- Using all available rosidl_typesupport_cpp: rosidl_typesupport_fastrtps_cpp;rosidl_typesupport_introspection_cpp
[8.386s] -- Found rmw_implementation_cmake: 1.0.3 (/opt/ros/foxy/share/rmw_implementation_cmake/cmake)
[8.397s] -- Using RMW implementation 'rmw_fastrtps_cpp' as default
[8.789s] -- Found example_interfaces: 0.9.1 (/opt/ros/foxy/share/example_interfaces/cmake)
[9.877s] -- Configuring done
[10.011s] -- Generating done
[10.015s] -- Build files have been written to: /home/sharath/progs/ros2/ros2_ws/build/my_cpp_pkg
[10.050s] [35m[1mScanning dependencies of target robot_news_station[0m
[10.141s] [ 25%] [32mBuilding CXX object CMakeFiles/robot_news_station.dir/src/robot_news_station.cpp.o[0m
[18.414s] [ 50%] [32m[1mLinking CXX executable robot_news_station[0m
[22.917s] [ 50%] Built target robot_news_station
[23.072s] [100%] Built target cpp_node
[23.100s] Invoked command in '/home/sharath/progs/ros2/ros2_ws/build/my_cpp_pkg' returned '0': CMAKE_PREFIX_PATH=${CMAKE_PREFIX_PATH}:/home/sharath/progs/ros2/ros2_ws/install/my_py_pkg:/opt/ros/foxy /usr/bin/cmake --build /home/sharath/progs/ros2/ros2_ws/build/my_cpp_pkg -- -j4 -l4
[23.223s] Invoking command in '/home/sharath/progs/ros2/ros2_ws/build/my_cpp_pkg': CMAKE_PREFIX_PATH=${CMAKE_PREFIX_PATH}:/home/sharath/progs/ros2/ros2_ws/install/my_py_pkg:/opt/ros/foxy /usr/bin/cmake --install /home/sharath/progs/ros2/ros2_ws/build/my_cpp_pkg
[23.282s] -- Install configuration: ""
[23.377s] -- Up-to-date: /home/sharath/progs/ros2/ros2_ws/install/my_cpp_pkg/lib/my_cpp_pkg/cpp_node
[23.378s] -- Installing: /home/sharath/progs/ros2/ros2_ws/install/my_cpp_pkg/lib/my_cpp_pkg/robot_news_station
[23.378s] -- Set runtime path of "/home/sharath/progs/ros2/ros2_ws/install/my_cpp_pkg/lib/my_cpp_pkg/robot_news_station" to ""
[23.378s] -- Installing: /home/sharath/progs/ros2/ros2_ws/install/my_cpp_pkg/share/ament_index/resource_index/package_run_dependencies/my_cpp_pkg
[23.378s] -- Up-to-date: /home/sharath/progs/ros2/ros2_ws/install/my_cpp_pkg/share/ament_index/resource_index/parent_prefix_path/my_cpp_pkg
[23.378s] -- Up-to-date: /home/sharath/progs/ros2/ros2_ws/install/my_cpp_pkg/share/my_cpp_pkg/environment/ament_prefix_path.sh
[23.378s] -- Installing: /home/sharath/progs/ros2/ros2_ws/install/my_cpp_pkg/share/my_cpp_pkg/environment/ament_prefix_path.dsv
[23.379s] -- Up-to-date: /home/sharath/progs/ros2/ros2_ws/install/my_cpp_pkg/share/my_cpp_pkg/environment/path.sh
[23.379s] -- Installing: /home/sharath/progs/ros2/ros2_ws/install/my_cpp_pkg/share/my_cpp_pkg/environment/path.dsv
[23.379s] -- Up-to-date: /home/sharath/progs/ros2/ros2_ws/install/my_cpp_pkg/share/my_cpp_pkg/local_setup.bash
[23.379s] -- Up-to-date: /home/sharath/progs/ros2/ros2_ws/install/my_cpp_pkg/share/my_cpp_pkg/local_setup.sh
[23.379s] -- Up-to-date: /home/sharath/progs/ros2/ros2_ws/install/my_cpp_pkg/share/my_cpp_pkg/local_setup.zsh
[23.379s] -- Installing: /home/sharath/progs/ros2/ros2_ws/install/my_cpp_pkg/share/my_cpp_pkg/local_setup.dsv
[23.380s] -- Installing: /home/sharath/progs/ros2/ros2_ws/install/my_cpp_pkg/share/my_cpp_pkg/package.dsv
[23.380s] -- Up-to-date: /home/sharath/progs/ros2/ros2_ws/install/my_cpp_pkg/share/ament_index/resource_index/packages/my_cpp_pkg
[23.380s] -- Up-to-date: /home/sharath/progs/ros2/ros2_ws/install/my_cpp_pkg/share/my_cpp_pkg/cmake/my_cpp_pkgConfig.cmake
[23.380s] -- Up-to-date: /home/sharath/progs/ros2/ros2_ws/install/my_cpp_pkg/share/my_cpp_pkg/cmake/my_cpp_pkgConfig-version.cmake
[23.380s] -- Installing: /home/sharath/progs/ros2/ros2_ws/install/my_cpp_pkg/share/my_cpp_pkg/package.xml
[23.382s] Invoked command in '/home/sharath/progs/ros2/ros2_ws/build/my_cpp_pkg' returned '0': CMAKE_PREFIX_PATH=${CMAKE_PREFIX_PATH}:/home/sharath/progs/ros2/ros2_ws/install/my_py_pkg:/opt/ros/foxy /usr/bin/cmake --install /home/sharath/progs/ros2/ros2_ws/build/my_cpp_pkg
