[0.588s] Invoking command in '/home/sharath/progs/ros2/ros2_ws/build/my_py_pkg': PYTHONPATH=/home/sharath/progs/ros2/ros2_ws/install/my_py_pkg/lib/python3.8/site-packages:${PYTHONPATH} /usr/bin/python3 setup.py develop --prefix /home/sharath/progs/ros2/ros2_ws/install/my_py_pkg --uninstall --editable --build-directory /home/sharath/progs/ros2/ros2_ws/build/my_py_pkg/build
[0.804s] running develop
[0.909s] Removing /home/sharath/progs/ros2/ros2_ws/install/my_py_pkg/lib/python3.8/site-packages/my-py-pkg.egg-link (link to .)
[0.929s] Invoked command in '/home/sharath/progs/ros2/ros2_ws/build/my_py_pkg' returned '0': PYTHONPATH=/home/sharath/progs/ros2/ros2_ws/install/my_py_pkg/lib/python3.8/site-packages:${PYTHONPATH} /usr/bin/python3 setup.py develop --prefix /home/sharath/progs/ros2/ros2_ws/install/my_py_pkg --uninstall --editable --build-directory /home/sharath/progs/ros2/ros2_ws/build/my_py_pkg/build
[0.931s] Invoking command in '/home/sharath/progs/ros2/ros2_ws/src/my_py_pkg': PYTHONPATH=/home/sharath/progs/ros2/ros2_ws/install/my_py_pkg/lib/python3.8/site-packages:${PYTHONPATH} /usr/bin/python3 setup.py egg_info --egg-base ../../build/my_py_pkg build --build-base /home/sharath/progs/ros2/ros2_ws/build/my_py_pkg/build install --prefix /home/sharath/progs/ros2/ros2_ws/install/my_py_pkg --record /home/sharath/progs/ros2/ros2_ws/build/my_py_pkg/install.log --single-version-externally-managed
[1.125s] running egg_info
[1.125s] writing ../../build/my_py_pkg/my_py_pkg.egg-info/PKG-INFO
[1.126s] writing dependency_links to ../../build/my_py_pkg/my_py_pkg.egg-info/dependency_links.txt
[1.126s] writing entry points to ../../build/my_py_pkg/my_py_pkg.egg-info/entry_points.txt
[1.126s] writing requirements to ../../build/my_py_pkg/my_py_pkg.egg-info/requires.txt
[1.126s] writing top-level names to ../../build/my_py_pkg/my_py_pkg.egg-info/top_level.txt
[1.163s] reading manifest file '../../build/my_py_pkg/my_py_pkg.egg-info/SOURCES.txt'
[1.164s] writing manifest file '../../build/my_py_pkg/my_py_pkg.egg-info/SOURCES.txt'
[1.164s] running build
[1.164s] running build_py
[1.164s] copying my_py_pkg/node_template.py -> /home/sharath/progs/ros2/ros2_ws/build/my_py_pkg/build/lib/my_py_pkg
[1.164s] copying my_py_pkg/robot_news_station.py -> /home/sharath/progs/ros2/ros2_ws/build/my_py_pkg/build/lib/my_py_pkg
[1.165s] running install
[1.165s] running install_lib
[1.166s] creating /home/sharath/progs/ros2/ros2_ws/install/my_py_pkg/lib/python3.8/site-packages/my_py_pkg
[1.166s] copying /home/sharath/progs/ros2/ros2_ws/build/my_py_pkg/build/lib/my_py_pkg/node_template.py -> /home/sharath/progs/ros2/ros2_ws/install/my_py_pkg/lib/python3.8/site-packages/my_py_pkg
[1.167s] copying /home/sharath/progs/ros2/ros2_ws/build/my_py_pkg/build/lib/my_py_pkg/my_first_node.py -> /home/sharath/progs/ros2/ros2_ws/install/my_py_pkg/lib/python3.8/site-packages/my_py_pkg
[1.167s] copying /home/sharath/progs/ros2/ros2_ws/build/my_py_pkg/build/lib/my_py_pkg/__init__.py -> /home/sharath/progs/ros2/ros2_ws/install/my_py_pkg/lib/python3.8/site-packages/my_py_pkg
[1.167s] copying /home/sharath/progs/ros2/ros2_ws/build/my_py_pkg/build/lib/my_py_pkg/robot_news_station.py -> /home/sharath/progs/ros2/ros2_ws/install/my_py_pkg/lib/python3.8/site-packages/my_py_pkg
[1.167s] byte-compiling /home/sharath/progs/ros2/ros2_ws/install/my_py_pkg/lib/python3.8/site-packages/my_py_pkg/node_template.py to node_template.cpython-38.pyc
[1.169s] byte-compiling /home/sharath/progs/ros2/ros2_ws/install/my_py_pkg/lib/python3.8/site-packages/my_py_pkg/my_first_node.py to my_first_node.cpython-38.pyc
[1.169s] byte-compiling /home/sharath/progs/ros2/ros2_ws/install/my_py_pkg/lib/python3.8/site-packages/my_py_pkg/__init__.py to __init__.cpython-38.pyc
[1.169s] byte-compiling /home/sharath/progs/ros2/ros2_ws/install/my_py_pkg/lib/python3.8/site-packages/my_py_pkg/robot_news_station.py to robot_news_station.cpython-38.pyc
[1.170s] running install_data
[1.170s] running install_egg_info
[1.172s] Copying ../../build/my_py_pkg/my_py_pkg.egg-info to /home/sharath/progs/ros2/ros2_ws/install/my_py_pkg/lib/python3.8/site-packages/my_py_pkg-0.0.0-py3.8.egg-info
[1.202s] running install_scripts
[1.224s] Installing py_node script to /home/sharath/progs/ros2/ros2_ws/install/my_py_pkg/lib/my_py_pkg
[1.224s] Installing robot_news_station script to /home/sharath/progs/ros2/ros2_ws/install/my_py_pkg/lib/my_py_pkg
[1.224s] writing list of installed files to '/home/sharath/progs/ros2/ros2_ws/build/my_py_pkg/install.log'
[1.246s] Invoked command in '/home/sharath/progs/ros2/ros2_ws/src/my_py_pkg' returned '0': PYTHONPATH=/home/sharath/progs/ros2/ros2_ws/install/my_py_pkg/lib/python3.8/site-packages:${PYTHONPATH} /usr/bin/python3 setup.py egg_info --egg-base ../../build/my_py_pkg build --build-base /home/sharath/progs/ros2/ros2_ws/build/my_py_pkg/build install --prefix /home/sharath/progs/ros2/ros2_ws/install/my_py_pkg --record /home/sharath/progs/ros2/ros2_ws/build/my_py_pkg/install.log --single-version-externally-managed
