[0.606s] Invoking command in '/home/sharath/progs/ros2/ros2_ws/src/my_py_pkg': PYTHONPATH=/home/sharath/progs/ros2/ros2_ws/install/my_py_pkg/lib/python3.8/site-packages:${PYTHONPATH} /usr/bin/python3 setup.py egg_info --egg-base ../../build/my_py_pkg build --build-base /home/sharath/progs/ros2/ros2_ws/build/my_py_pkg/build install --prefix /home/sharath/progs/ros2/ros2_ws/install/my_py_pkg --record /home/sharath/progs/ros2/ros2_ws/build/my_py_pkg/install.log --single-version-externally-managed
[0.798s] running egg_info
[0.799s] writing ../../build/my_py_pkg/my_py_pkg.egg-info/PKG-INFO
[0.799s] writing dependency_links to ../../build/my_py_pkg/my_py_pkg.egg-info/dependency_links.txt
[0.799s] writing entry points to ../../build/my_py_pkg/my_py_pkg.egg-info/entry_points.txt
[0.800s] writing requirements to ../../build/my_py_pkg/my_py_pkg.egg-info/requires.txt
[0.800s] writing top-level names to ../../build/my_py_pkg/my_py_pkg.egg-info/top_level.txt
[0.837s] reading manifest file '../../build/my_py_pkg/my_py_pkg.egg-info/SOURCES.txt'
[0.838s] writing manifest file '../../build/my_py_pkg/my_py_pkg.egg-info/SOURCES.txt'
[0.838s] running build
[0.838s] running build_py
[0.839s] running install
[0.839s] running install_lib
[0.840s] running install_data
[0.841s] running install_egg_info
[0.843s] removing '/home/sharath/progs/ros2/ros2_ws/install/my_py_pkg/lib/python3.8/site-packages/my_py_pkg-0.0.0-py3.8.egg-info' (and everything under it)
[0.843s] Copying ../../build/my_py_pkg/my_py_pkg.egg-info to /home/sharath/progs/ros2/ros2_ws/install/my_py_pkg/lib/python3.8/site-packages/my_py_pkg-0.0.0-py3.8.egg-info
[0.844s] running install_scripts
[0.861s] writing list of installed files to '/home/sharath/progs/ros2/ros2_ws/build/my_py_pkg/install.log'
[0.883s] Invoked command in '/home/sharath/progs/ros2/ros2_ws/src/my_py_pkg' returned '0': PYTHONPATH=/home/sharath/progs/ros2/ros2_ws/install/my_py_pkg/lib/python3.8/site-packages:${PYTHONPATH} /usr/bin/python3 setup.py egg_info --egg-base ../../build/my_py_pkg build --build-base /home/sharath/progs/ros2/ros2_ws/build/my_py_pkg/build install --prefix /home/sharath/progs/ros2/ros2_ws/install/my_py_pkg --record /home/sharath/progs/ros2/ros2_ws/build/my_py_pkg/install.log --single-version-externally-managed
