[0.625s] Invoking command in '/home/sharath/progs/ros2/ros2_ws/src/my_py_pkg': PYTHONPATH=/home/sharath/progs/ros2/ros2_ws/install/my_py_pkg/lib/python3.8/site-packages:${PYTHONPATH} /usr/bin/python3 setup.py egg_info --egg-base ../../build/my_py_pkg build --build-base /home/sharath/progs/ros2/ros2_ws/build/my_py_pkg/build install --prefix /home/sharath/progs/ros2/ros2_ws/install/my_py_pkg --record /home/sharath/progs/ros2/ros2_ws/build/my_py_pkg/install.log --single-version-externally-managed
[0.822s] running egg_info
[0.823s] creating ../../build/my_py_pkg/my_py_pkg.egg-info
[0.823s] writing ../../build/my_py_pkg/my_py_pkg.egg-info/PKG-INFO
[0.823s] writing dependency_links to ../../build/my_py_pkg/my_py_pkg.egg-info/dependency_links.txt
[0.823s] writing entry points to ../../build/my_py_pkg/my_py_pkg.egg-info/entry_points.txt
[0.823s] writing requirements to ../../build/my_py_pkg/my_py_pkg.egg-info/requires.txt
[0.824s] writing top-level names to ../../build/my_py_pkg/my_py_pkg.egg-info/top_level.txt
[0.825s] writing manifest file '../../build/my_py_pkg/my_py_pkg.egg-info/SOURCES.txt'
[0.861s] reading manifest file '../../build/my_py_pkg/my_py_pkg.egg-info/SOURCES.txt'
[0.861s] writing manifest file '../../build/my_py_pkg/my_py_pkg.egg-info/SOURCES.txt'
[0.862s] running build
[0.862s] running build_py
[0.862s] creating /home/sharath/progs/ros2/ros2_ws/build/my_py_pkg/build
[0.862s] creating /home/sharath/progs/ros2/ros2_ws/build/my_py_pkg/build/lib
[0.862s] creating /home/sharath/progs/ros2/ros2_ws/build/my_py_pkg/build/lib/my_py_pkg
[0.862s] copying my_py_pkg/__init__.py -> /home/sharath/progs/ros2/ros2_ws/build/my_py_pkg/build/lib/my_py_pkg
[0.862s] running install
[0.863s] running install_lib
[0.863s] creating /home/sharath/progs/ros2/ros2_ws/install/my_py_pkg/lib/python3.8/site-packages/my_py_pkg
[0.864s] copying /home/sharath/progs/ros2/ros2_ws/build/my_py_pkg/build/lib/my_py_pkg/__init__.py -> /home/sharath/progs/ros2/ros2_ws/install/my_py_pkg/lib/python3.8/site-packages/my_py_pkg
[0.864s] byte-compiling /home/sharath/progs/ros2/ros2_ws/install/my_py_pkg/lib/python3.8/site-packages/my_py_pkg/__init__.py to __init__.cpython-38.pyc
[0.865s] running install_data
[0.866s] creating /home/sharath/progs/ros2/ros2_ws/install/my_py_pkg/share/ament_index
[0.866s] creating /home/sharath/progs/ros2/ros2_ws/install/my_py_pkg/share/ament_index/resource_index
[0.866s] creating /home/sharath/progs/ros2/ros2_ws/install/my_py_pkg/share/ament_index/resource_index/packages
[0.866s] copying resource/my_py_pkg -> /home/sharath/progs/ros2/ros2_ws/install/my_py_pkg/share/ament_index/resource_index/packages
[0.866s] copying package.xml -> /home/sharath/progs/ros2/ros2_ws/install/my_py_pkg/share/my_py_pkg
[0.866s] running install_egg_info
[0.868s] Copying ../../build/my_py_pkg/my_py_pkg.egg-info to /home/sharath/progs/ros2/ros2_ws/install/my_py_pkg/lib/python3.8/site-packages/my_py_pkg-0.0.0-py3.8.egg-info
[0.869s] running install_scripts
[0.887s] writing list of installed files to '/home/sharath/progs/ros2/ros2_ws/build/my_py_pkg/install.log'
[0.910s] Invoked command in '/home/sharath/progs/ros2/ros2_ws/src/my_py_pkg' returned '0': PYTHONPATH=/home/sharath/progs/ros2/ros2_ws/install/my_py_pkg/lib/python3.8/site-packages:${PYTHONPATH} /usr/bin/python3 setup.py egg_info --egg-base ../../build/my_py_pkg build --build-base /home/sharath/progs/ros2/ros2_ws/build/my_py_pkg/build install --prefix /home/sharath/progs/ros2/ros2_ws/install/my_py_pkg --record /home/sharath/progs/ros2/ros2_ws/build/my_py_pkg/install.log --single-version-externally-managed
