[0.015s] Invoking command in '/home/sharath/progs/ros2/ros2_ws/build/numb_cpp': CMAKE_PREFIX_PATH=${CMAKE_PREFIX_PATH}:/home/sharath/progs/ros2/ros2_ws/install/my_py_pkg:/opt/ros/foxy /usr/bin/cmake --build /home/sharath/progs/ros2/ros2_ws/build/numb_cpp -- -j4 -l4
[0.059s] [35m[1mScanning dependencies of target number_counter[0m
[0.086s] [ 50%] [32mBuilding CXX object CMakeFiles/number_counter.dir/src/number_counter.cpp.o[0m
[4.981s] [100%] [32m[1mLinking CXX executable number_counter[0m
[5.233s] [100%] Built target number_counter
[5.244s] Invoked command in '/home/sharath/progs/ros2/ros2_ws/build/numb_cpp' returned '0': CMAKE_PREFIX_PATH=${CMAKE_PREFIX_PATH}:/home/sharath/progs/ros2/ros2_ws/install/my_py_pkg:/opt/ros/foxy /usr/bin/cmake --build /home/sharath/progs/ros2/ros2_ws/build/numb_cpp -- -j4 -l4
[5.278s] Invoking command in '/home/sharath/progs/ros2/ros2_ws/build/numb_cpp': CMAKE_PREFIX_PATH=${CMAKE_PREFIX_PATH}:/home/sharath/progs/ros2/ros2_ws/install/my_py_pkg:/opt/ros/foxy /usr/bin/cmake --install /home/sharath/progs/ros2/ros2_ws/build/numb_cpp
[5.286s] -- Install configuration: ""
[5.286s] -- Installing: /home/sharath/progs/ros2/ros2_ws/install/numb_cpp/lib/numb_cpp/number_counter
[5.289s] -- Set runtime path of "/home/sharath/progs/ros2/ros2_ws/install/numb_cpp/lib/numb_cpp/number_counter" to ""
[5.289s] -- Up-to-date: /home/sharath/progs/ros2/ros2_ws/install/numb_cpp/share/ament_index/resource_index/package_run_dependencies/numb_cpp
[5.289s] -- Up-to-date: /home/sharath/progs/ros2/ros2_ws/install/numb_cpp/share/ament_index/resource_index/parent_prefix_path/numb_cpp
[5.289s] -- Up-to-date: /home/sharath/progs/ros2/ros2_ws/install/numb_cpp/share/numb_cpp/environment/ament_prefix_path.sh
[5.289s] -- Up-to-date: /home/sharath/progs/ros2/ros2_ws/install/numb_cpp/share/numb_cpp/environment/ament_prefix_path.dsv
[5.289s] -- Up-to-date: /home/sharath/progs/ros2/ros2_ws/install/numb_cpp/share/numb_cpp/environment/path.sh
[5.290s] -- Up-to-date: /home/sharath/progs/ros2/ros2_ws/install/numb_cpp/share/numb_cpp/environment/path.dsv
[5.290s] -- Up-to-date: /home/sharath/progs/ros2/ros2_ws/install/numb_cpp/share/numb_cpp/local_setup.bash
[5.290s] -- Up-to-date: /home/sharath/progs/ros2/ros2_ws/install/numb_cpp/share/numb_cpp/local_setup.sh
[5.290s] -- Up-to-date: /home/sharath/progs/ros2/ros2_ws/install/numb_cpp/share/numb_cpp/local_setup.zsh
[5.290s] -- Up-to-date: /home/sharath/progs/ros2/ros2_ws/install/numb_cpp/share/numb_cpp/local_setup.dsv
[5.290s] -- Installing: /home/sharath/progs/ros2/ros2_ws/install/numb_cpp/share/numb_cpp/package.dsv
[5.290s] -- Up-to-date: /home/sharath/progs/ros2/ros2_ws/install/numb_cpp/share/ament_index/resource_index/packages/numb_cpp
[5.290s] -- Up-to-date: /home/sharath/progs/ros2/ros2_ws/install/numb_cpp/share/numb_cpp/cmake/numb_cppConfig.cmake
[5.290s] -- Up-to-date: /home/sharath/progs/ros2/ros2_ws/install/numb_cpp/share/numb_cpp/cmake/numb_cppConfig-version.cmake
[5.290s] -- Up-to-date: /home/sharath/progs/ros2/ros2_ws/install/numb_cpp/share/numb_cpp/package.xml
[5.292s] Invoked command in '/home/sharath/progs/ros2/ros2_ws/build/numb_cpp' returned '0': CMAKE_PREFIX_PATH=${CMAKE_PREFIX_PATH}:/home/sharath/progs/ros2/ros2_ws/install/my_py_pkg:/opt/ros/foxy /usr/bin/cmake --install /home/sharath/progs/ros2/ros2_ws/build/numb_cpp
