[0.798s] Invoking command in '/home/sharath/progs/ros2/ros2_ws/build/my_py_pkg': PYTHONPATH=/home/sharath/progs/ros2/ros2_ws/install/my_py_pkg/lib/python3.8/site-packages:${PYTHONPATH} /usr/bin/python3 setup.py develop --prefix /home/sharath/progs/ros2/ros2_ws/install/my_py_pkg --editable --build-directory /home/sharath/progs/ros2/ros2_ws/build/my_py_pkg/build --no-deps install_data --install-dir /home/sharath/progs/ros2/ros2_ws/install/my_py_pkg
[1.012s] running develop
[1.115s] running egg_info
[1.116s] writing my_py_pkg.egg-info/PKG-INFO
[1.116s] writing dependency_links to my_py_pkg.egg-info/dependency_links.txt
[1.116s] writing entry points to my_py_pkg.egg-info/entry_points.txt
[1.116s] writing requirements to my_py_pkg.egg-info/requires.txt
[1.116s] writing top-level names to my_py_pkg.egg-info/top_level.txt
[1.150s] reading manifest file 'my_py_pkg.egg-info/SOURCES.txt'
[1.151s] writing manifest file 'my_py_pkg.egg-info/SOURCES.txt'
[1.187s] running build_ext
[1.208s] Creating /home/sharath/progs/ros2/ros2_ws/install/my_py_pkg/lib/python3.8/site-packages/my-py-pkg.egg-link (link to .)
[1.209s] Installing add_two_ints_client_no_oop script to /home/sharath/progs/ros2/ros2_ws/install/my_py_pkg/lib/my_py_pkg
[1.209s] Installing add_two_ints_server script to /home/sharath/progs/ros2/ros2_ws/install/my_py_pkg/lib/my_py_pkg
[1.209s] Installing py_node script to /home/sharath/progs/ros2/ros2_ws/install/my_py_pkg/lib/my_py_pkg
[1.209s] Installing robot_news_station script to /home/sharath/progs/ros2/ros2_ws/install/my_py_pkg/lib/my_py_pkg
[1.209s] Installing smartphone script to /home/sharath/progs/ros2/ros2_ws/install/my_py_pkg/lib/my_py_pkg
[1.209s] 
[1.209s] Installed /home/sharath/progs/ros2/ros2_ws/build/my_py_pkg
[1.210s] running install_data
[1.234s] Invoked command in '/home/sharath/progs/ros2/ros2_ws/build/my_py_pkg' returned '0': PYTHONPATH=/home/sharath/progs/ros2/ros2_ws/install/my_py_pkg/lib/python3.8/site-packages:${PYTHONPATH} /usr/bin/python3 setup.py develop --prefix /home/sharath/progs/ros2/ros2_ws/install/my_py_pkg --editable --build-directory /home/sharath/progs/ros2/ros2_ws/build/my_py_pkg/build --no-deps install_data --install-dir /home/sharath/progs/ros2/ros2_ws/install/my_py_pkg
